<!DOCTYPE html PUBLIC "-//W3C//DTD XHTML 1.1//EN" "http://www.w3.org/TR/xhtml11/DTD/xhtml11.dtd">
<html xmlns="http://www.w3.org/1999/xhtml"><head><title>TestNG Report</title><style type="text/css">table {margin-bottom:10px;border-collapse:collapse;empty-cells:show}th,td {border:1px solid #009;padding:.25em .5em}th {vertical-align:bottom}td {vertical-align:top}table a {font-weight:bold}.stripe td {background-color: #E6EBF9}.num {text-align:right}.passedodd td {background-color: #3F3}.passedeven td {background-color: #0A0}.skippedodd td {background-color: #DDD}.skippedeven td {background-color: #CCC}.failedodd td,.attn {background-color: #F33}.failedeven td,.stripe .attn {background-color: #D00}.stacktrace {white-space:pre;font-family:monospace}.totop {font-size:85%;text-align:center;border-bottom:2px solid #000}</style></head><body><table><tr><th>Test</th><th># Passed</th><th># Skipped</th><th># Failed</th><th>Time (ms)</th><th>Included Groups</th><th>Excluded Groups</th></tr><tr><th colspan="7">bosscore Test Suite</th></tr><tr><td><a href="#t0">bosscore TestNG</a></td><td class="num">0</td><td class="num">0</td><td class="num attn">1</td><td class="num">244,070</td><td></td><td></td></tr></table><table><thead><tr><th>Class</th><th>Method</th><th>Start</th><th>Time (ms)</th></tr></thead><tbody><tr><th colspan="4">bosscore Test Suite</th></tr></tbody><tbody id="t0"><tr><th colspan="4">bosscore TestNG &#8212; failed</th></tr><tr class="failedeven"><td rowspan="1">com.boss.testrunner.staticdata.Account_Transfer</td><td><a href="#m0">feature</a></td><td rowspan="1">1571828388890</td><td rowspan="1">243670</td></tr></tbody></table><h2>bosscore TestNG</h2><h3 id="m0">com.boss.testrunner.staticdata.Account_Transfer#feature</h3><table class="result"><tr class="param"><th>Parameter #1</th></tr><tr class="param stripe"><td>Account transfer</td></tr><tr><th>Exception</th></tr><tr><td><div class="stacktrace">cucumber.runtime.CucumberException: org.openqa.selenium.SessionNotCreatedException: session not created
from chrome not reachable
  (Session info: chrome=77.0.3865.120)
Build info: version: &apos;3.141.59&apos;, revision: &apos;e82be7d358&apos;, time: &apos;2018-11-14T08:17:03&apos;
System info: host: &apos;DESKTOP-KPODSOV&apos;, ip: &apos;192.168.0.111&apos;, os.name: &apos;Windows 10&apos;, os.arch: &apos;amd64&apos;, os.version: &apos;10.0&apos;, java.version: &apos;1.8.0_221&apos;
Driver info: driver.version: ChromeDriver
remote stacktrace: Backtrace:
	Ordinal0 [0x00C9EB13+1501971]
	Ordinal0 [0x00C1F6D1+980689]
	Ordinal0 [0x00BA7508+488712]
	Ordinal0 [0x00BA131A+463642]
	Ordinal0 [0x00BA19C8+465352]
	Ordinal0 [0x00BA2AA5+469669]
	Ordinal0 [0x00B9EC85+453765]
	Ordinal0 [0x00BA8330+492336]
	Ordinal0 [0x00B5A108+172296]
	Ordinal0 [0x00B5942D+169005]
	Ordinal0 [0x00B578EB+162027]
	Ordinal0 [0x00B40AC7+68295]
	Ordinal0 [0x00B41B40+72512]
	Ordinal0 [0x00B41AD9+72409]
	Ordinal0 [0x00C38F37+1085239]
	GetHandleVerifier [0x00D3D7ED+503293]
	GetHandleVerifier [0x00D3D580+502672]
	GetHandleVerifier [0x00D446AC+531644]
	GetHandleVerifier [0x00D3DFFA+505354]
	Ordinal0 [0x00C30606+1050118]
	Ordinal0 [0x00C3047F+1049727]
	Ordinal0 [0x00C3AF9B+1093531]
	Ordinal0 [0x00C3B103+1093891]
	Ordinal0 [0x00C3A095+1089685]
	BaseThreadInitThunk [0x761B6359+25]
	RtlGetAppContainerNamedObjectPath [0x774F7B74+228]
	RtlGetAppContainerNamedObjectPath [0x774F7B44+180]

	at cucumber.api.testng.TestNGCucumberRunner.runCucumber(TestNGCucumberRunner.java:69)
	at cucumber.api.testng.AbstractTestNGCucumberTests.feature(AbstractTestNGCucumberTests.java:21)
	at java.util.concurrent.ThreadPoolExecutor.runWorker(ThreadPoolExecutor.java:1149)
	at java.util.concurrent.ThreadPoolExecutor$Worker.run(ThreadPoolExecutor.java:624)
	at java.lang.Thread.run(Thread.java:748)
Caused by: org.openqa.selenium.SessionNotCreatedException: session not created
from chrome not reachable
  (Session info: chrome=77.0.3865.120)
Build info: version: &apos;3.141.59&apos;, revision: &apos;e82be7d358&apos;, time: &apos;2018-11-14T08:17:03&apos;
System info: host: &apos;DESKTOP-KPODSOV&apos;, ip: &apos;192.168.0.111&apos;, os.name: &apos;Windows 10&apos;, os.arch: &apos;amd64&apos;, os.version: &apos;10.0&apos;, java.version: &apos;1.8.0_221&apos;
Driver info: driver.version: ChromeDriver
remote stacktrace: Backtrace:
	Ordinal0 [0x00C9EB13+1501971]
	Ordinal0 [0x00C1F6D1+980689]
	Ordinal0 [0x00BA7508+488712]
	Ordinal0 [0x00BA131A+463642]
	Ordinal0 [0x00BA19C8+465352]
	Ordinal0 [0x00BA2AA5+469669]
	Ordinal0 [0x00B9EC85+453765]
	Ordinal0 [0x00BA8330+492336]
	Ordinal0 [0x00B5A108+172296]
	Ordinal0 [0x00B5942D+169005]
	Ordinal0 [0x00B578EB+162027]
	Ordinal0 [0x00B40AC7+68295]
	Ordinal0 [0x00B41B40+72512]
	Ordinal0 [0x00B41AD9+72409]
	Ordinal0 [0x00C38F37+1085239]
	GetHandleVerifier [0x00D3D7ED+503293]
	GetHandleVerifier [0x00D3D580+502672]
	GetHandleVerifier [0x00D446AC+531644]
	GetHandleVerifier [0x00D3DFFA+505354]
	Ordinal0 [0x00C30606+1050118]
	Ordinal0 [0x00C3047F+1049727]
	Ordinal0 [0x00C3AF9B+1093531]
	Ordinal0 [0x00C3B103+1093891]
	Ordinal0 [0x00C3A095+1089685]
	BaseThreadInitThunk [0x761B6359+25]
	RtlGetAppContainerNamedObjectPath [0x774F7B74+228]
	RtlGetAppContainerNamedObjectPath [0x774F7B44+180]

	at org.openqa.selenium.remote.W3CHandshakeResponse.lambda$errorHandler$0(W3CHandshakeResponse.java:62)
	at org.openqa.selenium.remote.HandshakeResponse.lambda$getResponseFunction$0(HandshakeResponse.java:30)
	at org.openqa.selenium.remote.ProtocolHandshake.lambda$createSession$0(ProtocolHandshake.java:126)
	at java.util.stream.ReferencePipeline$3$1.accept(ReferencePipeline.java:193)
	at java.util.Spliterators$ArraySpliterator.tryAdvance(Spliterators.java:958)
	at java.util.stream.ReferencePipeline.forEachWithCancel(ReferencePipeline.java:126)
	at java.util.stream.AbstractPipeline.copyIntoWithCancel(AbstractPipeline.java:499)
	at java.util.stream.AbstractPipeline.copyInto(AbstractPipeline.java:486)
	at java.util.stream.AbstractPipeline.wrapAndCopyInto(AbstractPipeline.java:472)
	at java.util.stream.FindOps$FindOp.evaluateSequential(FindOps.java:152)
	at java.util.stream.AbstractPipeline.evaluate(AbstractPipeline.java:234)
	at java.util.stream.ReferencePipeline.findFirst(ReferencePipeline.java:464)
	at org.openqa.selenium.remote.ProtocolHandshake.createSession(ProtocolHandshake.java:128)
	at org.openqa.selenium.remote.ProtocolHandshake.createSession(ProtocolHandshake.java:74)
	at org.openqa.selenium.remote.HttpCommandExecutor.execute(HttpCommandExecutor.java:136)
	at org.openqa.selenium.remote.service.DriverCommandExecutor.execute(DriverCommandExecutor.java:83)
	at org.openqa.selenium.remote.RemoteWebDriver.execute(RemoteWebDriver.java:552)
	at org.openqa.selenium.remote.RemoteWebDriver.startSession(RemoteWebDriver.java:213)
	at org.openqa.selenium.remote.RemoteWebDriver.&lt;init&gt;(RemoteWebDriver.java:131)
	at org.openqa.selenium.chrome.ChromeDriver.&lt;init&gt;(ChromeDriver.java:181)
	at org.openqa.selenium.chrome.ChromeDriver.&lt;init&gt;(ChromeDriver.java:168)
	at org.openqa.selenium.chrome.ChromeDriver.&lt;init&gt;(ChromeDriver.java:123)
	at com.boss.framework.BaseDrivers.startChrome(BaseDrivers.java:113)
	at com.boss.framework.BaseDrivers.beforeClass(BaseDrivers.java:80)
	at com.boss.stepdefinition.BeforeActions.setUp(BeforeActions.java:15)
	at cucumber.runtime.Utils$1.call(Utils.java:40)
	at cucumber.runtime.Timeout.timeout(Timeout.java:16)
	at cucumber.runtime.Utils.invoke(Utils.java:34)
	at cucumber.runtime.java.JavaHookDefinition.execute(JavaHookDefinition.java:60)
	at cucumber.runtime.Runtime.runHookIfTagsMatch(Runtime.java:224)
	at cucumber.runtime.Runtime.runHooks(Runtime.java:212)
	at cucumber.runtime.Runtime.runBeforeHooks(Runtime.java:202)
	at cucumber.runtime.model.CucumberScenario.run(CucumberScenario.java:40)
	at cucumber.runtime.model.CucumberFeature.run(CucumberFeature.java:165)
	at cucumber.api.testng.TestNGCucumberRunner.runCucumber(TestNGCucumberRunner.java:63)
	... 14 more
... Removed 18 stack frames</div></td></tr></table><p class="totop"><a href="#summary">back to summary</a></p></body></html>