<?xml version="1.0" encoding="UTF-8"?>
<testsuite xmlns:xsi="http://www.w3.org/2001/XMLSchema-instance" xsi:noNamespaceSchemaLocation="https://maven.apache.org/surefire/maven-surefire-plugin/xsd/surefire-test-report-3.0.xsd" version="3.0" name="TestSuite" time="245.634" tests="1" errors="0" skipped="0" failures="1">
  <properties>
    <property name="sun.desktop" value="windows"/>
    <property name="awt.toolkit" value="sun.awt.windows.WToolkit"/>
    <property name="file.encoding.pkg" value="sun.io"/>
    <property name="java.specification.version" value="1.8"/>
    <property name="sun.cpu.isalist" value="amd64"/>
    <property name="sun.jnu.encoding" value="Cp1252"/>
    <property name="java.class.path" value="C:\myworkspace\bosscore\target\test-classes;C:\myworkspace\bosscore\target\classes;C:\Users\Amit Badgujar.DESKTOP-KPODSOV\.m2\repository\org\testng\testng\6.10\testng-6.10.jar;C:\Users\Amit Badgujar.DESKTOP-KPODSOV\.m2\repository\com\beust\jcommander\1.48\jcommander-1.48.jar;C:\Users\Amit Badgujar.DESKTOP-KPODSOV\.m2\repository\junit\junit\4.12\junit-4.12.jar;C:\Users\Amit Badgujar.DESKTOP-KPODSOV\.m2\repository\org\hamcrest\hamcrest-core\1.3\hamcrest-core-1.3.jar;C:\Users\Amit Badgujar.DESKTOP-KPODSOV\.m2\repository\info\cukes\cucumber-java\1.2.5\cucumber-java-1.2.5.jar;C:\Users\Amit Badgujar.DESKTOP-KPODSOV\.m2\repository\info\cukes\cucumber-core\1.2.5\cucumber-core-1.2.5.jar;C:\Users\Amit Badgujar.DESKTOP-KPODSOV\.m2\repository\info\cukes\cucumber-html\0.2.3\cucumber-html-0.2.3.jar;C:\Users\Amit Badgujar.DESKTOP-KPODSOV\.m2\repository\info\cukes\cucumber-jvm-deps\1.0.5\cucumber-jvm-deps-1.0.5.jar;C:\Users\Amit Badgujar.DESKTOP-KPODSOV\.m2\repository\info\cukes\cucumber-junit\1.2.5\cucumber-junit-1.2.5.jar;C:\Users\Amit Badgujar.DESKTOP-KPODSOV\.m2\repository\info\cukes\cucumber-picocontainer\1.2.5\cucumber-picocontainer-1.2.5.jar;C:\Users\Amit Badgujar.DESKTOP-KPODSOV\.m2\repository\info\cukes\gherkin\2.12.2\gherkin-2.12.2.jar;C:\Users\Amit Badgujar.DESKTOP-KPODSOV\.m2\repository\org\picocontainer\picocontainer\2.15\picocontainer-2.15.jar;C:\Users\Amit Badgujar.DESKTOP-KPODSOV\.m2\repository\info\cukes\cucumber-testng\1.2.5\cucumber-testng-1.2.5.jar;C:\Users\Amit Badgujar.DESKTOP-KPODSOV\.m2\repository\org\seleniumhq\selenium\selenium-remote-driver\3.141.59\selenium-remote-driver-3.141.59.jar;C:\Users\Amit Badgujar.DESKTOP-KPODSOV\.m2\repository\org\seleniumhq\selenium\selenium-api\3.141.59\selenium-api-3.141.59.jar;C:\Users\Amit Badgujar.DESKTOP-KPODSOV\.m2\repository\net\bytebuddy\byte-buddy\1.8.15\byte-buddy-1.8.15.jar;C:\Users\Amit Badgujar.DESKTOP-KPODSOV\.m2\repository\org\apache\commons\commons-exec\1.3\commons-exec-1.3.jar;C:\Users\Amit Badgujar.DESKTOP-KPODSOV\.m2\repository\com\google\guava\guava\25.0-jre\guava-25.0-jre.jar;C:\Users\Amit Badgujar.DESKTOP-KPODSOV\.m2\repository\com\google\code\findbugs\jsr305\1.3.9\jsr305-1.3.9.jar;C:\Users\Amit Badgujar.DESKTOP-KPODSOV\.m2\repository\org\checkerframework\checker-compat-qual\2.0.0\checker-compat-qual-2.0.0.jar;C:\Users\Amit Badgujar.DESKTOP-KPODSOV\.m2\repository\com\google\errorprone\error_prone_annotations\2.1.3\error_prone_annotations-2.1.3.jar;C:\Users\Amit Badgujar.DESKTOP-KPODSOV\.m2\repository\com\google\j2objc\j2objc-annotations\1.1\j2objc-annotations-1.1.jar;C:\Users\Amit Badgujar.DESKTOP-KPODSOV\.m2\repository\org\codehaus\mojo\animal-sniffer-annotations\1.14\animal-sniffer-annotations-1.14.jar;C:\Users\Amit Badgujar.DESKTOP-KPODSOV\.m2\repository\com\squareup\okhttp3\okhttp\3.11.0\okhttp-3.11.0.jar;C:\Users\Amit Badgujar.DESKTOP-KPODSOV\.m2\repository\com\squareup\okio\okio\1.14.0\okio-1.14.0.jar;C:\Users\Amit Badgujar.DESKTOP-KPODSOV\.m2\repository\org\seleniumhq\selenium\selenium-server\3.141.59\selenium-server-3.141.59.jar;C:\Users\Amit Badgujar.DESKTOP-KPODSOV\.m2\repository\org\seleniumhq\selenium\selenium-chrome-driver\3.141.59\selenium-chrome-driver-3.141.59.jar;C:\Users\Amit Badgujar.DESKTOP-KPODSOV\.m2\repository\org\seleniumhq\selenium\selenium-edge-driver\3.141.59\selenium-edge-driver-3.141.59.jar;C:\Users\Amit Badgujar.DESKTOP-KPODSOV\.m2\repository\org\seleniumhq\selenium\selenium-ie-driver\3.141.59\selenium-ie-driver-3.141.59.jar;C:\Users\Amit Badgujar.DESKTOP-KPODSOV\.m2\repository\org\seleniumhq\selenium\selenium-opera-driver\3.141.59\selenium-opera-driver-3.141.59.jar;C:\Users\Amit Badgujar.DESKTOP-KPODSOV\.m2\repository\org\seleniumhq\selenium\selenium-safari-driver\3.141.59\selenium-safari-driver-3.141.59.jar;C:\Users\Amit Badgujar.DESKTOP-KPODSOV\.m2\repository\org\seleniumhq\selenium\selenium-support\3.141.59\selenium-support-3.141.59.jar;C:\Users\Amit Badgujar.DESKTOP-KPODSOV\.m2\repository\net\jcip\jcip-annotations\1.0\jcip-annotations-1.0.jar;C:\Users\Amit Badgujar.DESKTOP-KPODSOV\.m2\repository\org\seleniumhq\selenium\jetty-repacked\9.4.12.v20180830\jetty-repacked-9.4.12.v20180830.jar;C:\Users\Amit Badgujar.DESKTOP-KPODSOV\.m2\repository\javax\servlet\javax.servlet-api\3.1.0\javax.servlet-api-3.1.0.jar;C:\Users\Amit Badgujar.DESKTOP-KPODSOV\.m2\repository\org\yaml\snakeyaml\1.19\snakeyaml-1.19.jar;C:\Users\Amit Badgujar.DESKTOP-KPODSOV\.m2\repository\org\seleniumhq\selenium\selenium-java\3.141.59\selenium-java-3.141.59.jar;C:\Users\Amit Badgujar.DESKTOP-KPODSOV\.m2\repository\org\seleniumhq\selenium\selenium-firefox-driver\3.141.59\selenium-firefox-driver-3.141.59.jar;C:\Users\Amit Badgujar.DESKTOP-KPODSOV\.m2\repository\net\masterthought\cucumber-reporting\3.8.0\cucumber-reporting-3.8.0.jar;C:\Users\Amit Badgujar.DESKTOP-KPODSOV\.m2\repository\org\apache\logging\log4j\log4j-api\2.6\log4j-api-2.6.jar;C:\Users\Amit Badgujar.DESKTOP-KPODSOV\.m2\repository\org\apache\logging\log4j\log4j-core\2.6\log4j-core-2.6.jar;C:\Users\Amit Badgujar.DESKTOP-KPODSOV\.m2\repository\com\fasterxml\jackson\core\jackson-databind\2.8.5\jackson-databind-2.8.5.jar;C:\Users\Amit Badgujar.DESKTOP-KPODSOV\.m2\repository\com\fasterxml\jackson\core\jackson-annotations\2.8.0\jackson-annotations-2.8.0.jar;C:\Users\Amit Badgujar.DESKTOP-KPODSOV\.m2\repository\com\fasterxml\jackson\core\jackson-core\2.8.5\jackson-core-2.8.5.jar;C:\Users\Amit Badgujar.DESKTOP-KPODSOV\.m2\repository\org\apache\velocity\velocity\1.7\velocity-1.7.jar;C:\Users\Amit Badgujar.DESKTOP-KPODSOV\.m2\repository\commons-collections\commons-collections\3.2.1\commons-collections-3.2.1.jar;C:\Users\Amit Badgujar.DESKTOP-KPODSOV\.m2\repository\commons-lang\commons-lang\2.4\commons-lang-2.4.jar;C:\Users\Amit Badgujar.DESKTOP-KPODSOV\.m2\repository\velocity-tools\velocity-tools\1.4\velocity-tools-1.4.jar;C:\Users\Amit Badgujar.DESKTOP-KPODSOV\.m2\repository\joda-time\joda-time\2.9.6\joda-time-2.9.6.jar;C:\Users\Amit Badgujar.DESKTOP-KPODSOV\.m2\repository\org\apache\commons\commons-lang3\3.5\commons-lang3-3.5.jar;C:\Users\Amit Badgujar.DESKTOP-KPODSOV\.m2\repository\commons-io\commons-io\2.5\commons-io-2.5.jar;C:\Users\Amit Badgujar.DESKTOP-KPODSOV\.m2\repository\net\lingala\zip4j\zip4j\1.3.2\zip4j-1.3.2.jar;C:\Users\Amit Badgujar.DESKTOP-KPODSOV\.m2\repository\org\codehaus\plexus\plexus-utils\3.0.24\plexus-utils-3.0.24.jar;C:\Users\Amit Badgujar.DESKTOP-KPODSOV\.m2\repository\org\jsoup\jsoup\1.10.1\jsoup-1.10.1.jar;C:\Users\Amit Badgujar.DESKTOP-KPODSOV\.m2\repository\com\googlecode\owasp-java-html-sanitizer\owasp-java-html-sanitizer\20160924.1\owasp-java-html-sanitizer-20160924.1.jar;C:\Users\Amit Badgujar.DESKTOP-KPODSOV\.m2\repository\log4j\log4j\1.2.16\log4j-1.2.16.jar;C:\Users\Amit Badgujar.DESKTOP-KPODSOV\.m2\repository\io\github\bonigarcia\webdrivermanager\3.6.1\webdrivermanager-3.6.1.jar;C:\Users\Amit Badgujar.DESKTOP-KPODSOV\.m2\repository\org\slf4j\slf4j-api\1.7.25\slf4j-api-1.7.25.jar;C:\Users\Amit Badgujar.DESKTOP-KPODSOV\.m2\repository\com\google\code\gson\gson\2.8.5\gson-2.8.5.jar;C:\Users\Amit Badgujar.DESKTOP-KPODSOV\.m2\repository\org\apache\httpcomponents\httpclient\4.5.6\httpclient-4.5.6.jar;C:\Users\Amit Badgujar.DESKTOP-KPODSOV\.m2\repository\org\apache\httpcomponents\httpcore\4.4.10\httpcore-4.4.10.jar;C:\Users\Amit Badgujar.DESKTOP-KPODSOV\.m2\repository\commons-logging\commons-logging\1.2\commons-logging-1.2.jar;C:\Users\Amit Badgujar.DESKTOP-KPODSOV\.m2\repository\commons-codec\commons-codec\1.10\commons-codec-1.10.jar;C:\Users\Amit Badgujar.DESKTOP-KPODSOV\.m2\repository\org\rauschig\jarchivelib\1.0.0\jarchivelib-1.0.0.jar;C:\Users\Amit Badgujar.DESKTOP-KPODSOV\.m2\repository\org\apache\commons\commons-compress\1.18\commons-compress-1.18.jar;C:\Users\Amit Badgujar.DESKTOP-KPODSOV\.m2\repository\mysql\mysql-connector-java\6.0.3\mysql-connector-java-6.0.3.jar;C:\Users\Amit Badgujar.DESKTOP-KPODSOV\.m2\repository\com\testautomationguru\ocular\ocular\1.0.0.Alpha\ocular-1.0.0.Alpha.jar;C:\Users\Amit Badgujar.DESKTOP-KPODSOV\.m2\repository\org\arquillian\rusheye\rusheye-impl\1.0.0\rusheye-impl-1.0.0.jar;C:\Users\Amit Badgujar.DESKTOP-KPODSOV\.m2\repository\org\arquillian\rusheye\rusheye-api\1.0.0\rusheye-api-1.0.0.jar;C:\Users\Amit Badgujar.DESKTOP-KPODSOV\.m2\repository\dom4j\dom4j\1.6.1\dom4j-1.6.1.jar;C:\Users\Amit Badgujar.DESKTOP-KPODSOV\.m2\repository\xml-apis\xml-apis\1.0.b2\xml-apis-1.0.b2.jar;C:\Users\Amit Badgujar.DESKTOP-KPODSOV\.m2\repository\net\sf\jargs\1.0\jargs-1.0.jar;C:\Users\Amit Badgujar.DESKTOP-KPODSOV\.m2\repository\javassist\javassist\3.8.0.GA\javassist-3.8.0.GA.jar;C:\Users\Amit Badgujar.DESKTOP-KPODSOV\.m2\repository\org\codehaus\woodstox\woodstox-core-lgpl\4.0.9\woodstox-core-lgpl-4.0.9.jar;C:\Users\Amit Badgujar.DESKTOP-KPODSOV\.m2\repository\javax\xml\stream\stax-api\1.0-2\stax-api-1.0-2.jar;C:\Users\Amit Badgujar.DESKTOP-KPODSOV\.m2\repository\org\codehaus\woodstox\stax2-api\3.0.3\stax2-api-3.0.3.jar;C:\Users\Amit Badgujar.DESKTOP-KPODSOV\.m2\repository\net\java\dev\msv\msv-core\2009.1\msv-core-2009.1.jar;C:\Users\Amit Badgujar.DESKTOP-KPODSOV\.m2\repository\com\sun\msv\datatype\xsd\xsdlib\2009.1\xsdlib-2009.1.jar;C:\Users\Amit Badgujar.DESKTOP-KPODSOV\.m2\repository\net\java\dev\msv\msv-testharness\2009.1\msv-testharness-2009.1.jar;C:\Users\Amit Badgujar.DESKTOP-KPODSOV\.m2\repository\org\apache\ant\ant\1.7.1\ant-1.7.1.jar;C:\Users\Amit Badgujar.DESKTOP-KPODSOV\.m2\repository\org\apache\ant\ant-launcher\1.7.1\ant-launcher-1.7.1.jar;C:\Users\Amit Badgujar.DESKTOP-KPODSOV\.m2\repository\xml-resolver\xml-resolver\1.2\xml-resolver-1.2.jar;C:\Users\Amit Badgujar.DESKTOP-KPODSOV\.m2\repository\xerces\xercesImpl\2.9.1\xercesImpl-2.9.1.jar;C:\Users\Amit Badgujar.DESKTOP-KPODSOV\.m2\repository\isorelax\isorelax\20030108\isorelax-20030108.jar;C:\Users\Amit Badgujar.DESKTOP-KPODSOV\.m2\repository\relaxngDatatype\relaxngDatatype\20020414\relaxngDatatype-20020414.jar;"/>
    <property name="java.vm.vendor" value="Oracle Corporation"/>
    <property name="sun.arch.data.model" value="64"/>
    <property name="user.variant" value=""/>
    <property name="java.vendor.url" value="http://java.oracle.com/"/>
    <property name="user.timezone" value="Asia/Calcutta"/>
    <property name="java.vm.specification.version" value="1.8"/>
    <property name="os.name" value="Windows 10"/>
    <property name="user.country" value="US"/>
    <property name="sun.java.launcher" value="SUN_STANDARD"/>
    <property name="sun.boot.library.path" value="C:\Program Files\Java\jdk1.8.0_221\jre\bin"/>
    <property name="sun.java.command" value="C:\Users\Amit Badgujar.DESKTOP-KPODSOV\AppData\Local\Temp\surefire4540664167010494156\surefirebooter2354073536315962163.jar C:\Users\Amit Badgujar.DESKTOP-KPODSOV\AppData\Local\Temp\surefire4540664167010494156 2019-10-23T16-29-47_132-jvmRun1 surefire1507758855764603575tmp surefire_06611222338030530584tmp"/>
    <property name="surefire.test.class.path" value="C:\myworkspace\bosscore\target\test-classes;C:\myworkspace\bosscore\target\classes;C:\Users\Amit Badgujar.DESKTOP-KPODSOV\.m2\repository\org\testng\testng\6.10\testng-6.10.jar;C:\Users\Amit Badgujar.DESKTOP-KPODSOV\.m2\repository\com\beust\jcommander\1.48\jcommander-1.48.jar;C:\Users\Amit Badgujar.DESKTOP-KPODSOV\.m2\repository\junit\junit\4.12\junit-4.12.jar;C:\Users\Amit Badgujar.DESKTOP-KPODSOV\.m2\repository\org\hamcrest\hamcrest-core\1.3\hamcrest-core-1.3.jar;C:\Users\Amit Badgujar.DESKTOP-KPODSOV\.m2\repository\info\cukes\cucumber-java\1.2.5\cucumber-java-1.2.5.jar;C:\Users\Amit Badgujar.DESKTOP-KPODSOV\.m2\repository\info\cukes\cucumber-core\1.2.5\cucumber-core-1.2.5.jar;C:\Users\Amit Badgujar.DESKTOP-KPODSOV\.m2\repository\info\cukes\cucumber-html\0.2.3\cucumber-html-0.2.3.jar;C:\Users\Amit Badgujar.DESKTOP-KPODSOV\.m2\repository\info\cukes\cucumber-jvm-deps\1.0.5\cucumber-jvm-deps-1.0.5.jar;C:\Users\Amit Badgujar.DESKTOP-KPODSOV\.m2\repository\info\cukes\cucumber-junit\1.2.5\cucumber-junit-1.2.5.jar;C:\Users\Amit Badgujar.DESKTOP-KPODSOV\.m2\repository\info\cukes\cucumber-picocontainer\1.2.5\cucumber-picocontainer-1.2.5.jar;C:\Users\Amit Badgujar.DESKTOP-KPODSOV\.m2\repository\info\cukes\gherkin\2.12.2\gherkin-2.12.2.jar;C:\Users\Amit Badgujar.DESKTOP-KPODSOV\.m2\repository\org\picocontainer\picocontainer\2.15\picocontainer-2.15.jar;C:\Users\Amit Badgujar.DESKTOP-KPODSOV\.m2\repository\info\cukes\cucumber-testng\1.2.5\cucumber-testng-1.2.5.jar;C:\Users\Amit Badgujar.DESKTOP-KPODSOV\.m2\repository\org\seleniumhq\selenium\selenium-remote-driver\3.141.59\selenium-remote-driver-3.141.59.jar;C:\Users\Amit Badgujar.DESKTOP-KPODSOV\.m2\repository\org\seleniumhq\selenium\selenium-api\3.141.59\selenium-api-3.141.59.jar;C:\Users\Amit Badgujar.DESKTOP-KPODSOV\.m2\repository\net\bytebuddy\byte-buddy\1.8.15\byte-buddy-1.8.15.jar;C:\Users\Amit Badgujar.DESKTOP-KPODSOV\.m2\repository\org\apache\commons\commons-exec\1.3\commons-exec-1.3.jar;C:\Users\Amit Badgujar.DESKTOP-KPODSOV\.m2\repository\com\google\guava\guava\25.0-jre\guava-25.0-jre.jar;C:\Users\Amit Badgujar.DESKTOP-KPODSOV\.m2\repository\com\google\code\findbugs\jsr305\1.3.9\jsr305-1.3.9.jar;C:\Users\Amit Badgujar.DESKTOP-KPODSOV\.m2\repository\org\checkerframework\checker-compat-qual\2.0.0\checker-compat-qual-2.0.0.jar;C:\Users\Amit Badgujar.DESKTOP-KPODSOV\.m2\repository\com\google\errorprone\error_prone_annotations\2.1.3\error_prone_annotations-2.1.3.jar;C:\Users\Amit Badgujar.DESKTOP-KPODSOV\.m2\repository\com\google\j2objc\j2objc-annotations\1.1\j2objc-annotations-1.1.jar;C:\Users\Amit Badgujar.DESKTOP-KPODSOV\.m2\repository\org\codehaus\mojo\animal-sniffer-annotations\1.14\animal-sniffer-annotations-1.14.jar;C:\Users\Amit Badgujar.DESKTOP-KPODSOV\.m2\repository\com\squareup\okhttp3\okhttp\3.11.0\okhttp-3.11.0.jar;C:\Users\Amit Badgujar.DESKTOP-KPODSOV\.m2\repository\com\squareup\okio\okio\1.14.0\okio-1.14.0.jar;C:\Users\Amit Badgujar.DESKTOP-KPODSOV\.m2\repository\org\seleniumhq\selenium\selenium-server\3.141.59\selenium-server-3.141.59.jar;C:\Users\Amit Badgujar.DESKTOP-KPODSOV\.m2\repository\org\seleniumhq\selenium\selenium-chrome-driver\3.141.59\selenium-chrome-driver-3.141.59.jar;C:\Users\Amit Badgujar.DESKTOP-KPODSOV\.m2\repository\org\seleniumhq\selenium\selenium-edge-driver\3.141.59\selenium-edge-driver-3.141.59.jar;C:\Users\Amit Badgujar.DESKTOP-KPODSOV\.m2\repository\org\seleniumhq\selenium\selenium-ie-driver\3.141.59\selenium-ie-driver-3.141.59.jar;C:\Users\Amit Badgujar.DESKTOP-KPODSOV\.m2\repository\org\seleniumhq\selenium\selenium-opera-driver\3.141.59\selenium-opera-driver-3.141.59.jar;C:\Users\Amit Badgujar.DESKTOP-KPODSOV\.m2\repository\org\seleniumhq\selenium\selenium-safari-driver\3.141.59\selenium-safari-driver-3.141.59.jar;C:\Users\Amit Badgujar.DESKTOP-KPODSOV\.m2\repository\org\seleniumhq\selenium\selenium-support\3.141.59\selenium-support-3.141.59.jar;C:\Users\Amit Badgujar.DESKTOP-KPODSOV\.m2\repository\net\jcip\jcip-annotations\1.0\jcip-annotations-1.0.jar;C:\Users\Amit Badgujar.DESKTOP-KPODSOV\.m2\repository\org\seleniumhq\selenium\jetty-repacked\9.4.12.v20180830\jetty-repacked-9.4.12.v20180830.jar;C:\Users\Amit Badgujar.DESKTOP-KPODSOV\.m2\repository\javax\servlet\javax.servlet-api\3.1.0\javax.servlet-api-3.1.0.jar;C:\Users\Amit Badgujar.DESKTOP-KPODSOV\.m2\repository\org\yaml\snakeyaml\1.19\snakeyaml-1.19.jar;C:\Users\Amit Badgujar.DESKTOP-KPODSOV\.m2\repository\org\seleniumhq\selenium\selenium-java\3.141.59\selenium-java-3.141.59.jar;C:\Users\Amit Badgujar.DESKTOP-KPODSOV\.m2\repository\org\seleniumhq\selenium\selenium-firefox-driver\3.141.59\selenium-firefox-driver-3.141.59.jar;C:\Users\Amit Badgujar.DESKTOP-KPODSOV\.m2\repository\net\masterthought\cucumber-reporting\3.8.0\cucumber-reporting-3.8.0.jar;C:\Users\Amit Badgujar.DESKTOP-KPODSOV\.m2\repository\org\apache\logging\log4j\log4j-api\2.6\log4j-api-2.6.jar;C:\Users\Amit Badgujar.DESKTOP-KPODSOV\.m2\repository\org\apache\logging\log4j\log4j-core\2.6\log4j-core-2.6.jar;C:\Users\Amit Badgujar.DESKTOP-KPODSOV\.m2\repository\com\fasterxml\jackson\core\jackson-databind\2.8.5\jackson-databind-2.8.5.jar;C:\Users\Amit Badgujar.DESKTOP-KPODSOV\.m2\repository\com\fasterxml\jackson\core\jackson-annotations\2.8.0\jackson-annotations-2.8.0.jar;C:\Users\Amit Badgujar.DESKTOP-KPODSOV\.m2\repository\com\fasterxml\jackson\core\jackson-core\2.8.5\jackson-core-2.8.5.jar;C:\Users\Amit Badgujar.DESKTOP-KPODSOV\.m2\repository\org\apache\velocity\velocity\1.7\velocity-1.7.jar;C:\Users\Amit Badgujar.DESKTOP-KPODSOV\.m2\repository\commons-collections\commons-collections\3.2.1\commons-collections-3.2.1.jar;C:\Users\Amit Badgujar.DESKTOP-KPODSOV\.m2\repository\commons-lang\commons-lang\2.4\commons-lang-2.4.jar;C:\Users\Amit Badgujar.DESKTOP-KPODSOV\.m2\repository\velocity-tools\velocity-tools\1.4\velocity-tools-1.4.jar;C:\Users\Amit Badgujar.DESKTOP-KPODSOV\.m2\repository\joda-time\joda-time\2.9.6\joda-time-2.9.6.jar;C:\Users\Amit Badgujar.DESKTOP-KPODSOV\.m2\repository\org\apache\commons\commons-lang3\3.5\commons-lang3-3.5.jar;C:\Users\Amit Badgujar.DESKTOP-KPODSOV\.m2\repository\commons-io\commons-io\2.5\commons-io-2.5.jar;C:\Users\Amit Badgujar.DESKTOP-KPODSOV\.m2\repository\net\lingala\zip4j\zip4j\1.3.2\zip4j-1.3.2.jar;C:\Users\Amit Badgujar.DESKTOP-KPODSOV\.m2\repository\org\codehaus\plexus\plexus-utils\3.0.24\plexus-utils-3.0.24.jar;C:\Users\Amit Badgujar.DESKTOP-KPODSOV\.m2\repository\org\jsoup\jsoup\1.10.1\jsoup-1.10.1.jar;C:\Users\Amit Badgujar.DESKTOP-KPODSOV\.m2\repository\com\googlecode\owasp-java-html-sanitizer\owasp-java-html-sanitizer\20160924.1\owasp-java-html-sanitizer-20160924.1.jar;C:\Users\Amit Badgujar.DESKTOP-KPODSOV\.m2\repository\log4j\log4j\1.2.16\log4j-1.2.16.jar;C:\Users\Amit Badgujar.DESKTOP-KPODSOV\.m2\repository\io\github\bonigarcia\webdrivermanager\3.6.1\webdrivermanager-3.6.1.jar;C:\Users\Amit Badgujar.DESKTOP-KPODSOV\.m2\repository\org\slf4j\slf4j-api\1.7.25\slf4j-api-1.7.25.jar;C:\Users\Amit Badgujar.DESKTOP-KPODSOV\.m2\repository\com\google\code\gson\gson\2.8.5\gson-2.8.5.jar;C:\Users\Amit Badgujar.DESKTOP-KPODSOV\.m2\repository\org\apache\httpcomponents\httpclient\4.5.6\httpclient-4.5.6.jar;C:\Users\Amit Badgujar.DESKTOP-KPODSOV\.m2\repository\org\apache\httpcomponents\httpcore\4.4.10\httpcore-4.4.10.jar;C:\Users\Amit Badgujar.DESKTOP-KPODSOV\.m2\repository\commons-logging\commons-logging\1.2\commons-logging-1.2.jar;C:\Users\Amit Badgujar.DESKTOP-KPODSOV\.m2\repository\commons-codec\commons-codec\1.10\commons-codec-1.10.jar;C:\Users\Amit Badgujar.DESKTOP-KPODSOV\.m2\repository\org\rauschig\jarchivelib\1.0.0\jarchivelib-1.0.0.jar;C:\Users\Amit Badgujar.DESKTOP-KPODSOV\.m2\repository\org\apache\commons\commons-compress\1.18\commons-compress-1.18.jar;C:\Users\Amit Badgujar.DESKTOP-KPODSOV\.m2\repository\mysql\mysql-connector-java\6.0.3\mysql-connector-java-6.0.3.jar;C:\Users\Amit Badgujar.DESKTOP-KPODSOV\.m2\repository\com\testautomationguru\ocular\ocular\1.0.0.Alpha\ocular-1.0.0.Alpha.jar;C:\Users\Amit Badgujar.DESKTOP-KPODSOV\.m2\repository\org\arquillian\rusheye\rusheye-impl\1.0.0\rusheye-impl-1.0.0.jar;C:\Users\Amit Badgujar.DESKTOP-KPODSOV\.m2\repository\org\arquillian\rusheye\rusheye-api\1.0.0\rusheye-api-1.0.0.jar;C:\Users\Amit Badgujar.DESKTOP-KPODSOV\.m2\repository\dom4j\dom4j\1.6.1\dom4j-1.6.1.jar;C:\Users\Amit Badgujar.DESKTOP-KPODSOV\.m2\repository\xml-apis\xml-apis\1.0.b2\xml-apis-1.0.b2.jar;C:\Users\Amit Badgujar.DESKTOP-KPODSOV\.m2\repository\net\sf\jargs\1.0\jargs-1.0.jar;C:\Users\Amit Badgujar.DESKTOP-KPODSOV\.m2\repository\javassist\javassist\3.8.0.GA\javassist-3.8.0.GA.jar;C:\Users\Amit Badgujar.DESKTOP-KPODSOV\.m2\repository\org\codehaus\woodstox\woodstox-core-lgpl\4.0.9\woodstox-core-lgpl-4.0.9.jar;C:\Users\Amit Badgujar.DESKTOP-KPODSOV\.m2\repository\javax\xml\stream\stax-api\1.0-2\stax-api-1.0-2.jar;C:\Users\Amit Badgujar.DESKTOP-KPODSOV\.m2\repository\org\codehaus\woodstox\stax2-api\3.0.3\stax2-api-3.0.3.jar;C:\Users\Amit Badgujar.DESKTOP-KPODSOV\.m2\repository\net\java\dev\msv\msv-core\2009.1\msv-core-2009.1.jar;C:\Users\Amit Badgujar.DESKTOP-KPODSOV\.m2\repository\com\sun\msv\datatype\xsd\xsdlib\2009.1\xsdlib-2009.1.jar;C:\Users\Amit Badgujar.DESKTOP-KPODSOV\.m2\repository\net\java\dev\msv\msv-testharness\2009.1\msv-testharness-2009.1.jar;C:\Users\Amit Badgujar.DESKTOP-KPODSOV\.m2\repository\org\apache\ant\ant\1.7.1\ant-1.7.1.jar;C:\Users\Amit Badgujar.DESKTOP-KPODSOV\.m2\repository\org\apache\ant\ant-launcher\1.7.1\ant-launcher-1.7.1.jar;C:\Users\Amit Badgujar.DESKTOP-KPODSOV\.m2\repository\xml-resolver\xml-resolver\1.2\xml-resolver-1.2.jar;C:\Users\Amit Badgujar.DESKTOP-KPODSOV\.m2\repository\xerces\xercesImpl\2.9.1\xercesImpl-2.9.1.jar;C:\Users\Amit Badgujar.DESKTOP-KPODSOV\.m2\repository\isorelax\isorelax\20030108\isorelax-20030108.jar;C:\Users\Amit Badgujar.DESKTOP-KPODSOV\.m2\repository\relaxngDatatype\relaxngDatatype\20020414\relaxngDatatype-20020414.jar;"/>
    <property name="sun.cpu.endian" value="little"/>
    <property name="user.home" value="C:\Users\Amit Badgujar.DESKTOP-KPODSOV"/>
    <property name="user.language" value="en"/>
    <property name="java.specification.vendor" value="Oracle Corporation"/>
    <property name="java.home" value="C:\Program Files\Java\jdk1.8.0_221\jre"/>
    <property name="basedir" value="C:\myworkspace\bosscore"/>
    <property name="file.separator" value="\"/>
    <property name="line.separator" value="&#10;"/>
    <property name="java.vm.specification.vendor" value="Oracle Corporation"/>
    <property name="java.specification.name" value="Java Platform API Specification"/>
    <property name="java.awt.graphicsenv" value="sun.awt.Win32GraphicsEnvironment"/>
    <property name="surefire.real.class.path" value="C:\Users\Amit Badgujar.DESKTOP-KPODSOV\AppData\Local\Temp\surefire4540664167010494156\surefirebooter2354073536315962163.jar"/>
    <property name="sun.boot.class.path" value="C:\Program Files\Java\jdk1.8.0_221\jre\lib\resources.jar;C:\Program Files\Java\jdk1.8.0_221\jre\lib\rt.jar;C:\Program Files\Java\jdk1.8.0_221\jre\lib\sunrsasign.jar;C:\Program Files\Java\jdk1.8.0_221\jre\lib\jsse.jar;C:\Program Files\Java\jdk1.8.0_221\jre\lib\jce.jar;C:\Program Files\Java\jdk1.8.0_221\jre\lib\charsets.jar;C:\Program Files\Java\jdk1.8.0_221\jre\lib\jfr.jar;C:\Program Files\Java\jdk1.8.0_221\jre\classes"/>
    <property name="user.script" value=""/>
    <property name="sun.management.compiler" value="HotSpot 64-Bit Tiered Compilers"/>
    <property name="java.runtime.version" value="1.8.0_221-b11"/>
    <property name="user.name" value="Amit Badgujar"/>
    <property name="path.separator" value=";"/>
    <property name="os.version" value="10.0"/>
    <property name="java.endorsed.dirs" value="C:\Program Files\Java\jdk1.8.0_221\jre\lib\endorsed"/>
    <property name="java.runtime.name" value="Java(TM) SE Runtime Environment"/>
    <property name="file.encoding" value="Cp1252"/>
    <property name="java.vm.name" value="Java HotSpot(TM) 64-Bit Server VM"/>
    <property name="localRepository" value="C:\Users\Amit Badgujar.DESKTOP-KPODSOV\.m2\repository"/>
    <property name="java.vendor.url.bug" value="http://bugreport.sun.com/bugreport/"/>
    <property name="java.io.tmpdir" value="C:\Users\AMITBA~1.DES\AppData\Local\Temp\"/>
    <property name="java.version" value="1.8.0_221"/>
    <property name="user.dir" value="C:\myworkspace\bosscore"/>
    <property name="os.arch" value="amd64"/>
    <property name="java.vm.specification.name" value="Java Virtual Machine Specification"/>
    <property name="java.awt.printerjob" value="sun.awt.windows.WPrinterJob"/>
    <property name="sun.os.patch.level" value=""/>
    <property name="java.library.path" value="C:\Program Files\Java\jdk1.8.0_221\jre\bin;C:\WINDOWS\Sun\Java\bin;C:\WINDOWS\system32;C:\WINDOWS;C:/Program Files/Java/jre1.8.0_221/bin/server;C:/Program Files/Java/jre1.8.0_221/bin;C:/Program Files/Java/jre1.8.0_221/lib/amd64;C:\Program Files\ImageMagick-7.0.8-Q16;C:\Program Files (x86)\Common Files\Oracle\Java\javapath;C:\WINDOWS\system32;C:\WINDOWS;C:\WINDOWS\System32\Wbem;C:\WINDOWS\System32\WindowsPowerShell\v1.0\;C:\WINDOWS\System32\OpenSSH\;C:\Program Files\Java\jdk1.8.0_221\bin;C:\ImageMagick\VisualMagick\bin;C:\Program Files\TortoiseGit\bin;C:\Program Files\Git\cmd;C:\Users\Amit Badgujar.DESKTOP-KPODSOV\AppData\Local\Microsoft\WindowsApps;C:\Users\Amit Badgujar.DESKTOP-KPODSOV\AppData\Local\GitHubDesktop\bin;C:\Serlenium-Setup\eclipse-java-mars-2-win32-x86_64\eclipse;;."/>
    <property name="java.vm.info" value="mixed mode"/>
    <property name="java.vendor" value="Oracle Corporation"/>
    <property name="java.vm.version" value="25.221-b11"/>
    <property name="java.ext.dirs" value="C:\Program Files\Java\jdk1.8.0_221\jre\lib\ext;C:\WINDOWS\Sun\Java\lib\ext"/>
    <property name="sun.io.unicode.encoding" value="UnicodeLittle"/>
    <property name="java.class.version" value="52.0"/>
  </properties>
  <testcase name="feature" classname="com.boss.testrunner.staticdata.Account_Transfer" time="243.68">
    <failure message="org.openqa.selenium.SessionNotCreatedException: session not created&#10;from chrome not reachable&#10;  (Session info: chrome=77.0.3865.120)&#10;Build info: version: &apos;3.141.59&apos;, revision: &apos;e82be7d358&apos;, time: &apos;2018-11-14T08:17:03&apos;&#10;System info: host: &apos;DESKTOP-KPODSOV&apos;, ip: &apos;192.168.0.111&apos;, os.name: &apos;Windows 10&apos;, os.arch: &apos;amd64&apos;, os.version: &apos;10.0&apos;, java.version: &apos;1.8.0_221&apos;&#10;Driver info: driver.version: ChromeDriver&#10;remote stacktrace: Backtrace:&#10;	Ordinal0 [0x00C9EB13+1501971]&#10;	Ordinal0 [0x00C1F6D1+980689]&#10;	Ordinal0 [0x00BA7508+488712]&#10;	Ordinal0 [0x00BA131A+463642]&#10;	Ordinal0 [0x00BA19C8+465352]&#10;	Ordinal0 [0x00BA2AA5+469669]&#10;	Ordinal0 [0x00B9EC85+453765]&#10;	Ordinal0 [0x00BA8330+492336]&#10;	Ordinal0 [0x00B5A108+172296]&#10;	Ordinal0 [0x00B5942D+169005]&#10;	Ordinal0 [0x00B578EB+162027]&#10;	Ordinal0 [0x00B40AC7+68295]&#10;	Ordinal0 [0x00B41B40+72512]&#10;	Ordinal0 [0x00B41AD9+72409]&#10;	Ordinal0 [0x00C38F37+1085239]&#10;	GetHandleVerifier [0x00D3D7ED+503293]&#10;	GetHandleVerifier [0x00D3D580+502672]&#10;	GetHandleVerifier [0x00D446AC+531644]&#10;	GetHandleVerifier [0x00D3DFFA+505354]&#10;	Ordinal0 [0x00C30606+1050118]&#10;	Ordinal0 [0x00C3047F+1049727]&#10;	Ordinal0 [0x00C3AF9B+1093531]&#10;	Ordinal0 [0x00C3B103+1093891]&#10;	Ordinal0 [0x00C3A095+1089685]&#10;	BaseThreadInitThunk [0x761B6359+25]&#10;	RtlGetAppContainerNamedObjectPath [0x774F7B74+228]&#10;	RtlGetAppContainerNamedObjectPath [0x774F7B44+180]&#10;" type="cucumber.runtime.CucumberException">cucumber.runtime.CucumberException: 
org.openqa.selenium.SessionNotCreatedException: session not created
from chrome not reachable
  (Session info: chrome=77.0.3865.120)
Build info: version: '3.141.59', revision: 'e82be7d358', time: '2018-11-14T08:17:03'
System info: host: 'DESKTOP-KPODSOV', ip: '192.168.0.111', os.name: 'Windows 10', os.arch: 'amd64', os.version: '10.0', java.version: '1.8.0_221'
Driver info: driver.version: ChromeDriver
remote stacktrace: Backtrace:
	Ordinal0 [0x00C9EB13+1501971]
	Ordinal0 [0x00C1F6D1+980689]
	Ordinal0 [0x00BA7508+488712]
	Ordinal0 [0x00BA131A+463642]
	Ordinal0 [0x00BA19C8+465352]
	Ordinal0 [0x00BA2AA5+469669]
	Ordinal0 [0x00B9EC85+453765]
	Ordinal0 [0x00BA8330+492336]
	Ordinal0 [0x00B5A108+172296]
	Ordinal0 [0x00B5942D+169005]
	Ordinal0 [0x00B578EB+162027]
	Ordinal0 [0x00B40AC7+68295]
	Ordinal0 [0x00B41B40+72512]
	Ordinal0 [0x00B41AD9+72409]
	Ordinal0 [0x00C38F37+1085239]
	GetHandleVerifier [0x00D3D7ED+503293]
	GetHandleVerifier [0x00D3D580+502672]
	GetHandleVerifier [0x00D446AC+531644]
	GetHandleVerifier [0x00D3DFFA+505354]
	Ordinal0 [0x00C30606+1050118]
	Ordinal0 [0x00C3047F+1049727]
	Ordinal0 [0x00C3AF9B+1093531]
	Ordinal0 [0x00C3B103+1093891]
	Ordinal0 [0x00C3A095+1089685]
	BaseThreadInitThunk [0x761B6359+25]
	RtlGetAppContainerNamedObjectPath [0x774F7B74+228]
	RtlGetAppContainerNamedObjectPath [0x774F7B44+180]

Caused by: org.openqa.selenium.SessionNotCreatedException: 
session not created
from chrome not reachable
  (Session info: chrome=77.0.3865.120)
Build info: version: '3.141.59', revision: 'e82be7d358', time: '2018-11-14T08:17:03'
System info: host: 'DESKTOP-KPODSOV', ip: '192.168.0.111', os.name: 'Windows 10', os.arch: 'amd64', os.version: '10.0', java.version: '1.8.0_221'
Driver info: driver.version: ChromeDriver
remote stacktrace: Backtrace:
	Ordinal0 [0x00C9EB13+1501971]
	Ordinal0 [0x00C1F6D1+980689]
	Ordinal0 [0x00BA7508+488712]
	Ordinal0 [0x00BA131A+463642]
	Ordinal0 [0x00BA19C8+465352]
	Ordinal0 [0x00BA2AA5+469669]
	Ordinal0 [0x00B9EC85+453765]
	Ordinal0 [0x00BA8330+492336]
	Ordinal0 [0x00B5A108+172296]
	Ordinal0 [0x00B5942D+169005]
	Ordinal0 [0x00B578EB+162027]
	Ordinal0 [0x00B40AC7+68295]
	Ordinal0 [0x00B41B40+72512]
	Ordinal0 [0x00B41AD9+72409]
	Ordinal0 [0x00C38F37+1085239]
	GetHandleVerifier [0x00D3D7ED+503293]
	GetHandleVerifier [0x00D3D580+502672]
	GetHandleVerifier [0x00D446AC+531644]
	GetHandleVerifier [0x00D3DFFA+505354]
	Ordinal0 [0x00C30606+1050118]
	Ordinal0 [0x00C3047F+1049727]
	Ordinal0 [0x00C3AF9B+1093531]
	Ordinal0 [0x00C3B103+1093891]
	Ordinal0 [0x00C3A095+1089685]
	BaseThreadInitThunk [0x761B6359+25]
	RtlGetAppContainerNamedObjectPath [0x774F7B74+228]
	RtlGetAppContainerNamedObjectPath [0x774F7B44+180]

</failure>
    <system-out><![CDATA[Feature: Account transfer
  
  Payment module
ENVIRONMENT is: test
BROWSER TYPE is: chrome
BROWSER_VERSION specified is: 
DEFAULT TIMEOUT(secs) is : 60
12 Thread.currentThread CONST
OS Found is: windows 10
I_launch_the_application
In GoToAppURL ................................................ 
user_enters_username_and_password
In Send Keys method ...........
In Send Keys method ...........
user_clicks_on_Login_Button

  Background:                                                      # src/test/resources/account-transfer.feature:5
    Given I launch the application "Boss URL"                      # Account_Transfer_stepDefination.I_launch_the_application(String)
    And user enters username "Testuser1" and password "Password@1" # Login_stepDefinition.user_enters_username_and_password(String,String)
    And user clicks on Login Button                                # Login_stepDefinition.user_clicks_on_Login_Button()
RemoveDriver has closed driver & removed from it from stored list: ChromeDriver: chrome on XP (37b70f60cbce0486921d76401731d7d4)
ENVIRONMENT is: test
BROWSER TYPE is: chrome
BROWSER_VERSION specified is: 
DEFAULT TIMEOUT(secs) is : 60
12 Thread.currentThread CONST
OS Found is: windows 10
Failure in before hook:BeforeActions.setUp()
Message: org.openqa.selenium.SessionNotCreatedException: session not created
from chrome not reachable
  (Session info: chrome=77.0.3865.120)
Build info: version: '3.141.59', revision: 'e82be7d358', time: '2018-11-14T08:17:03'
System info: host: 'DESKTOP-KPODSOV', ip: '192.168.0.111', os.name: 'Windows 10', os.arch: 'amd64', os.version: '10.0', java.version: '1.8.0_221'
Driver info: driver.version: ChromeDriver
remote stacktrace: Backtrace:
	Ordinal0 [0x00C9EB13+1501971]
	Ordinal0 [0x00C1F6D1+980689]
	Ordinal0 [0x00BA7508+488712]
	Ordinal0 [0x00BA131A+463642]
	Ordinal0 [0x00BA19C8+465352]
	Ordinal0 [0x00BA2AA5+469669]
	Ordinal0 [0x00B9EC85+453765]
	Ordinal0 [0x00BA8330+492336]
	Ordinal0 [0x00B5A108+172296]
	Ordinal0 [0x00B5942D+169005]
	Ordinal0 [0x00B578EB+162027]
	Ordinal0 [0x00B40AC7+68295]
	Ordinal0 [0x00B41B40+72512]
	Ordinal0 [0x00B41AD9+72409]
	Ordinal0 [0x00C38F37+1085239]
	GetHandleVerifier [0x00D3D7ED+503293]
	GetHandleVerifier [0x00D3D580+502672]
	GetHandleVerifier [0x00D446AC+531644]
	GetHandleVerifier [0x00D3DFFA+505354]
	Ordinal0 [0x00C30606+1050118]
	Ordinal0 [0x00C3047F+1049727]
	Ordinal0 [0x00C3AF9B+1093531]
	Ordinal0 [0x00C3B103+1093891]
	Ordinal0 [0x00C3A095+1089685]
	BaseThreadInitThunk [0x761B6359+25]
	RtlGetAppContainerNamedObjectPath [0x774F7B74+228]
	RtlGetAppContainerNamedObjectPath [0x774F7B44+180]

	at sun.reflect.NativeConstructorAccessorImpl.newInstance0(Native Method)
	at sun.reflect.NativeConstructorAccessorImpl.newInstance(NativeConstructorAccessorImpl.java:62)
	at sun.reflect.DelegatingConstructorAccessorImpl.newInstance(DelegatingConstructorAccessorImpl.java:45)
	at java.lang.reflect.Constructor.newInstance(Constructor.java:423)
	at org.openqa.selenium.remote.W3CHandshakeResponse.lambda$errorHandler$0(W3CHandshakeResponse.java:62)
	at org.openqa.selenium.remote.HandshakeResponse.lambda$getResponseFunction$0(HandshakeResponse.java:30)
	at org.openqa.selenium.remote.ProtocolHandshake.lambda$createSession$0(ProtocolHandshake.java:126)
	at java.util.stream.ReferencePipeline$3$1.accept(ReferencePipeline.java:193)
	at java.util.Spliterators$ArraySpliterator.tryAdvance(Spliterators.java:958)
	at java.util.stream.ReferencePipeline.forEachWithCancel(ReferencePipeline.java:126)
	at java.util.stream.AbstractPipeline.copyIntoWithCancel(AbstractPipeline.java:499)
	at java.util.stream.AbstractPipeline.copyInto(AbstractPipeline.java:486)
	at java.util.stream.AbstractPipeline.wrapAndCopyInto(AbstractPipeline.java:472)
	at java.util.stream.FindOps$FindOp.evaluateSequential(FindOps.java:152)
	at java.util.stream.AbstractPipeline.evaluate(AbstractPipeline.java:234)
	at java.util.stream.ReferencePipeline.findFirst(ReferencePipeline.java:464)
	at org.openqa.selenium.remote.ProtocolHandshake.createSession(ProtocolHandshake.java:128)
	at org.openqa.selenium.remote.ProtocolHandshake.createSession(ProtocolHandshake.java:74)
	at org.openqa.selenium.remote.HttpCommandExecutor.execute(HttpCommandExecutor.java:136)
	at org.openqa.selenium.remote.service.DriverCommandExecutor.execute(DriverCommandExecutor.java:83)
	at org.openqa.selenium.remote.RemoteWebDriver.execute(RemoteWebDriver.java:552)
	at org.openqa.selenium.remote.RemoteWebDriver.startSession(RemoteWebDriver.java:213)
	at org.openqa.selenium.remote.RemoteWebDriver.<init>(RemoteWebDriver.java:131)
	at org.openqa.selenium.chrome.ChromeDriver.<init>(ChromeDriver.java:181)
	at org.openqa.selenium.chrome.ChromeDriver.<init>(ChromeDriver.java:168)
	at org.openqa.selenium.chrome.ChromeDriver.<init>(ChromeDriver.java:123)
	at com.boss.framework.BaseDrivers.startChrome(BaseDrivers.java:113)
	at com.boss.framework.BaseDrivers.beforeClass(BaseDrivers.java:80)
	at com.boss.stepdefinition.BeforeActions.setUp(BeforeActions.java:15)
	at sun.reflect.NativeMethodAccessorImpl.invoke0(Native Method)
	at sun.reflect.NativeMethodAccessorImpl.invoke(NativeMethodAccessorImpl.java:62)
	at sun.reflect.DelegatingMethodAccessorImpl.invoke(DelegatingMethodAccessorImpl.java:43)
	at java.lang.reflect.Method.invoke(Method.java:498)
	at cucumber.runtime.Utils$1.call(Utils.java:40)
	at cucumber.runtime.Timeout.timeout(Timeout.java:16)
	at cucumber.runtime.Utils.invoke(Utils.java:34)
	at cucumber.runtime.java.JavaHookDefinition.execute(JavaHookDefinition.java:60)
	at cucumber.runtime.Runtime.runHookIfTagsMatch(Runtime.java:224)
	at cucumber.runtime.Runtime.runHooks(Runtime.java:212)
	at cucumber.runtime.Runtime.runBeforeHooks(Runtime.java:202)
	at cucumber.runtime.model.CucumberScenario.run(CucumberScenario.java:40)
	at cucumber.runtime.model.CucumberFeature.run(CucumberFeature.java:165)
	at cucumber.api.testng.TestNGCucumberRunner.runCucumber(TestNGCucumberRunner.java:63)
	at cucumber.api.testng.AbstractTestNGCucumberTests.feature(AbstractTestNGCucumberTests.java:21)
	at sun.reflect.NativeMethodAccessorImpl.invoke0(Native Method)
	at sun.reflect.NativeMethodAccessorImpl.invoke(NativeMethodAccessorImpl.java:62)
	at sun.reflect.DelegatingMethodAccessorImpl.invoke(DelegatingMethodAccessorImpl.java:43)
	at java.lang.reflect.Method.invoke(Method.java:498)
	at org.testng.internal.MethodInvocationHelper.invokeMethod(MethodInvocationHelper.java:104)
	at org.testng.internal.Invoker.invokeMethod(Invoker.java:645)
	at org.testng.internal.Invoker.invokeTestMethod(Invoker.java:851)
	at org.testng.internal.Invoker.invokeTestMethods(Invoker.java:1177)
	at org.testng.internal.TestMethodWorker.invokeTestMethods(TestMethodWorker.java:129)
	at org.testng.internal.TestMethodWorker.run(TestMethodWorker.java:112)
	at java.util.concurrent.ThreadPoolExecutor.runWorker(ThreadPoolExecutor.java:1149)
	at java.util.concurrent.ThreadPoolExecutor$Worker.run(ThreadPoolExecutor.java:624)
	at java.lang.Thread.run(Thread.java:748)

      org.openqa.selenium.SessionNotCreatedException: session not created
      from chrome not reachable
        (Session info: chrome=77.0.3865.120)
      Build info: version: '3.141.59', revision: 'e82be7d358', time: '2018-11-14T08:17:03'
      System info: host: 'DESKTOP-KPODSOV', ip: '192.168.0.111', os.name: 'Windows 10', os.arch: 'amd64', os.version: '10.0', java.version: '1.8.0_221'
      Driver info: driver.version: ChromeDriver
      remote stacktrace: Backtrace:
      	Ordinal0 [0x00C9EB13+1501971]
      	Ordinal0 [0x00C1F6D1+980689]
      	Ordinal0 [0x00BA7508+488712]
      	Ordinal0 [0x00BA131A+463642]
      	Ordinal0 [0x00BA19C8+465352]
      	Ordinal0 [0x00BA2AA5+469669]
      	Ordinal0 [0x00B9EC85+453765]
      	Ordinal0 [0x00BA8330+492336]
      	Ordinal0 [0x00B5A108+172296]
      	Ordinal0 [0x00B5942D+169005]
      	Ordinal0 [0x00B578EB+162027]
      	Ordinal0 [0x00B40AC7+68295]
      	Ordinal0 [0x00B41B40+72512]
      	Ordinal0 [0x00B41AD9+72409]
      	Ordinal0 [0x00C38F37+1085239]
      	GetHandleVerifier [0x00D3D7ED+503293]
      	GetHandleVerifier [0x00D3D580+502672]
      	GetHandleVerifier [0x00D446AC+531644]
      	GetHandleVerifier [0x00D3DFFA+505354]
      	Ordinal0 [0x00C30606+1050118]
      	Ordinal0 [0x00C3047F+1049727]
      	Ordinal0 [0x00C3AF9B+1093531]
      	Ordinal0 [0x00C3B103+1093891]
      	Ordinal0 [0x00C3A095+1089685]
      	BaseThreadInitThunk [0x761B6359+25]
      	RtlGetAppContainerNamedObjectPath [0x774F7B74+228]
      	RtlGetAppContainerNamedObjectPath [0x774F7B44+180]
      
      	at sun.reflect.NativeConstructorAccessorImpl.newInstance0(Native Method)
      	at sun.reflect.NativeConstructorAccessorImpl.newInstance(NativeConstructorAccessorImpl.java:62)
      	at sun.reflect.DelegatingConstructorAccessorImpl.newInstance(DelegatingConstructorAccessorImpl.java:45)
      	at java.lang.reflect.Constructor.newInstance(Constructor.java:423)
      	at org.openqa.selenium.remote.W3CHandshakeResponse.lambda$errorHandler$0(W3CHandshakeResponse.java:62)
      	at org.openqa.selenium.remote.HandshakeResponse.lambda$getResponseFunction$0(HandshakeResponse.java:30)
      	at org.openqa.selenium.remote.ProtocolHandshake.lambda$createSession$0(ProtocolHandshake.java:126)
      	at java.util.stream.ReferencePipeline$3$1.accept(ReferencePipeline.java:193)
      	at java.util.Spliterators$ArraySpliterator.tryAdvance(Spliterators.java:958)
      	at java.util.stream.ReferencePipeline.forEachWithCancel(ReferencePipeline.java:126)
      	at java.util.stream.AbstractPipeline.copyIntoWithCancel(AbstractPipeline.java:499)
      	at java.util.stream.AbstractPipeline.copyInto(AbstractPipeline.java:486)
      	at java.util.stream.AbstractPipeline.wrapAndCopyInto(AbstractPipeline.java:472)
      	at java.util.stream.FindOps$FindOp.evaluateSequential(FindOps.java:152)
      	at java.util.stream.AbstractPipeline.evaluate(AbstractPipeline.java:234)
      	at java.util.stream.ReferencePipeline.findFirst(ReferencePipeline.java:464)
      	at org.openqa.selenium.remote.ProtocolHandshake.createSession(ProtocolHandshake.java:128)
      	at org.openqa.selenium.remote.ProtocolHandshake.createSession(ProtocolHandshake.java:74)
      	at org.openqa.selenium.remote.HttpCommandExecutor.execute(HttpCommandExecutor.java:136)
      	at org.openqa.selenium.remote.service.DriverCommandExecutor.execute(DriverCommandExecutor.java:83)
      	at org.openqa.selenium.remote.RemoteWebDriver.execute(RemoteWebDriver.java:552)
      	at org.openqa.selenium.remote.RemoteWebDriver.startSession(RemoteWebDriver.java:213)
      	at org.openqa.selenium.remote.RemoteWebDriver.<init>(RemoteWebDriver.java:131)
      	at org.openqa.selenium.chrome.ChromeDriver.<init>(ChromeDriver.java:181)
      	at org.openqa.selenium.chrome.ChromeDriver.<init>(ChromeDriver.java:168)
      	at org.openqa.selenium.chrome.ChromeDriver.<init>(ChromeDriver.java:123)
      	at com.boss.framework.BaseDrivers.startChrome(BaseDrivers.java:113)
      	at com.boss.framework.BaseDrivers.beforeClass(BaseDrivers.java:80)
      	at com.boss.stepdefinition.BeforeActions.setUp(BeforeActions.java:15)
      	at sun.reflect.NativeMethodAccessorImpl.invoke0(Native Method)
      	at sun.reflect.NativeMethodAccessorImpl.invoke(NativeMethodAccessorImpl.java:62)
      	at sun.reflect.DelegatingMethodAccessorImpl.invoke(DelegatingMethodAccessorImpl.java:43)
      	at java.lang.reflect.Method.invoke(Method.java:498)
      	at cucumber.runtime.Utils$1.call(Utils.java:40)
      	at cucumber.runtime.Timeout.timeout(Timeout.java:16)
      	at cucumber.runtime.Utils.invoke(Utils.java:34)
      	at cucumber.runtime.java.JavaHookDefinition.execute(JavaHookDefinition.java:60)
      	at cucumber.runtime.Runtime.runHookIfTagsMatch(Runtime.java:224)
      	at cucumber.runtime.Runtime.runHooks(Runtime.java:212)
      	at cucumber.runtime.Runtime.runBeforeHooks(Runtime.java:202)
      	at cucumber.runtime.model.CucumberScenario.run(CucumberScenario.java:40)
      	at cucumber.runtime.model.CucumberFeature.run(CucumberFeature.java:165)
      	at cucumber.api.testng.TestNGCucumberRunner.runCucumber(TestNGCucumberRunner.java:63)
      	at cucumber.api.testng.AbstractTestNGCucumberTests.feature(AbstractTestNGCucumberTests.java:21)
      	at sun.reflect.NativeMethodAccessorImpl.invoke0(Native Method)
      	at sun.reflect.NativeMethodAccessorImpl.invoke(NativeMethodAccessorImpl.java:62)
      	at sun.reflect.DelegatingMethodAccessorImpl.invoke(DelegatingMethodAccessorImpl.java:43)
      	at java.lang.reflect.Method.invoke(Method.java:498)
      	at org.testng.internal.MethodInvocationHelper.invokeMethod(MethodInvocationHelper.java:104)
      	at org.testng.internal.Invoker.invokeMethod(Invoker.java:645)
      	at org.testng.internal.Invoker.invokeTestMethod(Invoker.java:851)
      	at org.testng.internal.Invoker.invokeTestMethods(Invoker.java:1177)
      	at org.testng.internal.TestMethodWorker.invokeTestMethods(TestMethodWorker.java:129)
      	at org.testng.internal.TestMethodWorker.run(TestMethodWorker.java:112)
      	at java.util.concurrent.ThreadPoolExecutor.runWorker(ThreadPoolExecutor.java:1149)
      	at java.util.concurrent.ThreadPoolExecutor$Worker.run(ThreadPoolExecutor.java:624)
      	at java.lang.Thread.run(Thread.java:748)


  #And user clicks on Payment module
  @ORPHAN
  Scenario: Same currency transfer for same day delivery method. # src/test/resources/account-transfer.feature:12
    And user click on account transfer sub-module
    And user click on confirm transfer button
    And user page redirect to Transfer confirmation screen
    And user able to view the below details
    And user click on Manage payment button

  Background:                                                      # src/test/resources/account-transfer.feature:5
    Given I launch the application "Boss URL"                      # Account_Transfer_stepDefination.I_launch_the_application(String)
    And user enters username "Testuser1" and password "Password@1" # Login_stepDefinition.user_enters_username_and_password(String,String)
    And user clicks on Login Button                                # Login_stepDefinition.user_clicks_on_Login_Button()
Failure in after hook:AfterActions.teardown(Scenario)
Message: java.lang.NullPointerException
	at com.boss.stepdefinition.AfterActions.teardown(AfterActions.java:24)
	at sun.reflect.NativeMethodAccessorImpl.invoke0(Native Method)
	at sun.reflect.NativeMethodAccessorImpl.invoke(NativeMethodAccessorImpl.java:62)
	at sun.reflect.DelegatingMethodAccessorImpl.invoke(DelegatingMethodAccessorImpl.java:43)
	at java.lang.reflect.Method.invoke(Method.java:498)
	at cucumber.runtime.Utils$1.call(Utils.java:40)
	at cucumber.runtime.Timeout.timeout(Timeout.java:16)
	at cucumber.runtime.Utils.invoke(Utils.java:34)
	at cucumber.runtime.java.JavaHookDefinition.execute(JavaHookDefinition.java:60)
	at cucumber.runtime.Runtime.runHookIfTagsMatch(Runtime.java:224)
	at cucumber.runtime.Runtime.runHooks(Runtime.java:212)
	at cucumber.runtime.Runtime.runAfterHooks(Runtime.java:206)
	at cucumber.runtime.model.CucumberScenario.run(CucumberScenario.java:46)
	at cucumber.runtime.model.CucumberFeature.run(CucumberFeature.java:165)
	at cucumber.api.testng.TestNGCucumberRunner.runCucumber(TestNGCucumberRunner.java:63)
	at cucumber.api.testng.AbstractTestNGCucumberTests.feature(AbstractTestNGCucumberTests.java:21)
	at sun.reflect.NativeMethodAccessorImpl.invoke0(Native Method)
	at sun.reflect.NativeMethodAccessorImpl.invoke(NativeMethodAccessorImpl.java:62)
	at sun.reflect.DelegatingMethodAccessorImpl.invoke(DelegatingMethodAccessorImpl.java:43)
	at java.lang.reflect.Method.invoke(Method.java:498)
	at org.testng.internal.MethodInvocationHelper.invokeMethod(MethodInvocationHelper.java:104)
	at org.testng.internal.Invoker.invokeMethod(Invoker.java:645)
	at org.testng.internal.Invoker.invokeTestMethod(Invoker.java:851)
	at org.testng.internal.Invoker.invokeTestMethods(Invoker.java:1177)
	at org.testng.internal.TestMethodWorker.invokeTestMethods(TestMethodWorker.java:129)
	at org.testng.internal.TestMethodWorker.run(TestMethodWorker.java:112)
	at java.util.concurrent.ThreadPoolExecutor.runWorker(ThreadPoolExecutor.java:1149)
	at java.util.concurrent.ThreadPoolExecutor$Worker.run(ThreadPoolExecutor.java:624)
	at java.lang.Thread.run(Thread.java:748)

      java.lang.NullPointerException
      	at com.boss.stepdefinition.AfterActions.teardown(AfterActions.java:24)
      	at sun.reflect.NativeMethodAccessorImpl.invoke0(Native Method)
      	at sun.reflect.NativeMethodAccessorImpl.invoke(NativeMethodAccessorImpl.java:62)
      	at sun.reflect.DelegatingMethodAccessorImpl.invoke(DelegatingMethodAccessorImpl.java:43)
      	at java.lang.reflect.Method.invoke(Method.java:498)
      	at cucumber.runtime.Utils$1.call(Utils.java:40)
      	at cucumber.runtime.Timeout.timeout(Timeout.java:16)
      	at cucumber.runtime.Utils.invoke(Utils.java:34)
      	at cucumber.runtime.java.JavaHookDefinition.execute(JavaHookDefinition.java:60)
      	at cucumber.runtime.Runtime.runHookIfTagsMatch(Runtime.java:224)
      	at cucumber.runtime.Runtime.runHooks(Runtime.java:212)
      	at cucumber.runtime.Runtime.runAfterHooks(Runtime.java:206)
      	at cucumber.runtime.model.CucumberScenario.run(CucumberScenario.java:46)
      	at cucumber.runtime.model.CucumberFeature.run(CucumberFeature.java:165)
      	at cucumber.api.testng.TestNGCucumberRunner.runCucumber(TestNGCucumberRunner.java:63)
      	at cucumber.api.testng.AbstractTestNGCucumberTests.feature(AbstractTestNGCucumberTests.java:21)
      	at sun.reflect.NativeMethodAccessorImpl.invoke0(Native Method)
      	at sun.reflect.NativeMethodAccessorImpl.invoke(NativeMethodAccessorImpl.java:62)
      	at sun.reflect.DelegatingMethodAccessorImpl.invoke(DelegatingMethodAccessorImpl.java:43)
      	at java.lang.reflect.Method.invoke(Method.java:498)
      	at org.testng.internal.MethodInvocationHelper.invokeMethod(MethodInvocationHelper.java:104)
      	at org.testng.internal.Invoker.invokeMethod(Invoker.java:645)
      	at org.testng.internal.Invoker.invokeTestMethod(Invoker.java:851)
      	at org.testng.internal.Invoker.invokeTestMethods(Invoker.java:1177)
      	at org.testng.internal.TestMethodWorker.invokeTestMethods(TestMethodWorker.java:129)
      	at org.testng.internal.TestMethodWorker.run(TestMethodWorker.java:112)
      	at java.util.concurrent.ThreadPoolExecutor.runWorker(ThreadPoolExecutor.java:1149)
      	at java.util.concurrent.ThreadPoolExecutor$Worker.run(ThreadPoolExecutor.java:624)
      	at java.lang.Thread.run(Thread.java:748)

ENVIRONMENT is: test
BROWSER TYPE is: chrome
BROWSER_VERSION specified is: 
DEFAULT TIMEOUT(secs) is : 60
12 Thread.currentThread CONST
OS Found is: windows 10

  @ORPHAN
  Scenario: Different currency transfer for same day delivery method # src/test/resources/account-transfer.feature:26
    And user click on account transfer sub-module
    And user click on confirm transfer button
    And user click on Get Rate button
    And user click on accept button
    And user page redirect to Transfer confirmation screen
    And user able to view the below details
    And user click on Manage payment button
I_launch_the_application
In GoToAppURL ................................................ 

  Background:                                                      # src/test/resources/account-transfer.feature:5
    Given I launch the application "Boss URL"                      # Account_Transfer_stepDefination.I_launch_the_application(String)
      org.openqa.selenium.WebDriverException: chrome not reachable
        (Session info: chrome=77.0.3865.120)
      Build info: version: '3.141.59', revision: 'e82be7d358', time: '2018-11-14T08:17:03'
      System info: host: 'DESKTOP-KPODSOV', ip: '192.168.0.111', os.name: 'Windows 10', os.arch: 'amd64', os.version: '10.0', java.version: '1.8.0_221'
      Driver info: org.openqa.selenium.chrome.ChromeDriver
      Capabilities {acceptInsecureCerts: false, browserName: chrome, browserVersion: 77.0.3865.120, chrome: {chromedriverVersion: 77.0.3865.40 (f484704e052e0..., userDataDir: C:\Users\AMITBA~1.DES\AppDa...}, goog:chromeOptions: {debuggerAddress: localhost:59007}, javascriptEnabled: true, networkConnectionEnabled: false, pageLoadStrategy: normal, platform: XP, platformName: XP, proxy: Proxy(), setWindowRect: true, strictFileInteractability: false, timeouts: {implicit: 0, pageLoad: 300000, script: 30000}, unhandledPromptBehavior: dismiss and notify}
      Session ID: 14406a66f6f291e0fd7c78bcab3153db
      	at sun.reflect.NativeConstructorAccessorImpl.newInstance0(Native Method)
      	at sun.reflect.NativeConstructorAccessorImpl.newInstance(NativeConstructorAccessorImpl.java:62)
      	at sun.reflect.DelegatingConstructorAccessorImpl.newInstance(DelegatingConstructorAccessorImpl.java:45)
      	at java.lang.reflect.Constructor.newInstance(Constructor.java:423)
      	at org.openqa.selenium.remote.http.W3CHttpResponseCodec.createException(W3CHttpResponseCodec.java:187)
      	at org.openqa.selenium.remote.http.W3CHttpResponseCodec.decode(W3CHttpResponseCodec.java:122)
      	at org.openqa.selenium.remote.http.W3CHttpResponseCodec.decode(W3CHttpResponseCodec.java:49)
      	at org.openqa.selenium.remote.HttpCommandExecutor.execute(HttpCommandExecutor.java:158)
      	at org.openqa.selenium.remote.service.DriverCommandExecutor.execute(DriverCommandExecutor.java:83)
      	at org.openqa.selenium.remote.RemoteWebDriver.execute(RemoteWebDriver.java:552)
      	at org.openqa.selenium.remote.RemoteWebDriver.get(RemoteWebDriver.java:277)
      	at com.boss.pages.account.AccountTransfer.GoToAppURL(AccountTransfer.java:23)
      	at com.boss.stepdefinition.home.Account_Transfer_stepDefination.I_launch_the_application(Account_Transfer_stepDefination.java:19)
      	at ?.Given I launch the application "Boss URL"(src/test/resources/account-transfer.feature:6)

    And user enters username "Testuser1" and password "Password@1" # Login_stepDefinition.user_enters_username_and_password(String,String)
    And user clicks on Login Button                                # Login_stepDefinition.user_clicks_on_Login_Button()
RemoveDriver has closed driver & removed from it from stored list: ChromeDriver: chrome on XP (14406a66f6f291e0fd7c78bcab3153db)
Failure in after hook:AfterActions.teardown(Scenario)
Message: org.openqa.selenium.WebDriverException: chrome not reachable
  (Session info: chrome=77.0.3865.120)
Build info: version: '3.141.59', revision: 'e82be7d358', time: '2018-11-14T08:17:03'
System info: host: 'DESKTOP-KPODSOV', ip: '192.168.0.111', os.name: 'Windows 10', os.arch: 'amd64', os.version: '10.0', java.version: '1.8.0_221'
Driver info: org.openqa.selenium.chrome.ChromeDriver
Capabilities {acceptInsecureCerts: false, browserName: chrome, browserVersion: 77.0.3865.120, chrome: {chromedriverVersion: 77.0.3865.40 (f484704e052e0..., userDataDir: C:\Users\AMITBA~1.DES\AppDa...}, goog:chromeOptions: {debuggerAddress: localhost:59007}, javascriptEnabled: true, networkConnectionEnabled: false, pageLoadStrategy: normal, platform: XP, platformName: XP, proxy: Proxy(), setWindowRect: true, strictFileInteractability: false, timeouts: {implicit: 0, pageLoad: 300000, script: 30000}, unhandledPromptBehavior: dismiss and notify}
Session ID: 14406a66f6f291e0fd7c78bcab3153db
	at sun.reflect.NativeConstructorAccessorImpl.newInstance0(Native Method)
	at sun.reflect.NativeConstructorAccessorImpl.newInstance(NativeConstructorAccessorImpl.java:62)
	at sun.reflect.DelegatingConstructorAccessorImpl.newInstance(DelegatingConstructorAccessorImpl.java:45)
	at java.lang.reflect.Constructor.newInstance(Constructor.java:423)
	at org.openqa.selenium.remote.http.W3CHttpResponseCodec.createException(W3CHttpResponseCodec.java:187)
	at org.openqa.selenium.remote.http.W3CHttpResponseCodec.decode(W3CHttpResponseCodec.java:122)
	at org.openqa.selenium.remote.http.W3CHttpResponseCodec.decode(W3CHttpResponseCodec.java:49)
	at org.openqa.selenium.remote.HttpCommandExecutor.execute(HttpCommandExecutor.java:158)
	at org.openqa.selenium.remote.service.DriverCommandExecutor.execute(DriverCommandExecutor.java:83)
	at org.openqa.selenium.remote.RemoteWebDriver.execute(RemoteWebDriver.java:552)
	at org.openqa.selenium.remote.RemoteWebDriver.execute(RemoteWebDriver.java:609)
	at org.openqa.selenium.remote.RemoteWebDriver.close(RemoteWebDriver.java:442)
	at com.boss.framework.utils.DriverFactory.removeDriver(DriverFactory.java:46)
	at com.boss.framework.BaseDrivers.afterClass(BaseDrivers.java:151)
	at com.boss.stepdefinition.AfterActions.teardown(AfterActions.java:32)
	at sun.reflect.NativeMethodAccessorImpl.invoke0(Native Method)
	at sun.reflect.NativeMethodAccessorImpl.invoke(NativeMethodAccessorImpl.java:62)
	at sun.reflect.DelegatingMethodAccessorImpl.invoke(DelegatingMethodAccessorImpl.java:43)
	at java.lang.reflect.Method.invoke(Method.java:498)
	at cucumber.runtime.Utils$1.call(Utils.java:40)
	at cucumber.runtime.Timeout.timeout(Timeout.java:16)
	at cucumber.runtime.Utils.invoke(Utils.java:34)
	at cucumber.runtime.java.JavaHookDefinition.execute(JavaHookDefinition.java:60)
	at cucumber.runtime.Runtime.runHookIfTagsMatch(Runtime.java:224)
	at cucumber.runtime.Runtime.runHooks(Runtime.java:212)
	at cucumber.runtime.Runtime.runAfterHooks(Runtime.java:206)
	at cucumber.runtime.model.CucumberScenario.run(CucumberScenario.java:46)
	at cucumber.runtime.model.CucumberFeature.run(CucumberFeature.java:165)
	at cucumber.api.testng.TestNGCucumberRunner.runCucumber(TestNGCucumberRunner.java:63)
	at cucumber.api.testng.AbstractTestNGCucumberTests.feature(AbstractTestNGCucumberTests.java:21)
	at sun.reflect.NativeMethodAccessorImpl.invoke0(Native Method)
	at sun.reflect.NativeMethodAccessorImpl.invoke(NativeMethodAccessorImpl.java:62)
	at sun.reflect.DelegatingMethodAccessorImpl.invoke(DelegatingMethodAccessorImpl.java:43)
	at java.lang.reflect.Method.invoke(Method.java:498)
	at org.testng.internal.MethodInvocationHelper.invokeMethod(MethodInvocationHelper.java:104)
	at org.testng.internal.Invoker.invokeMethod(Invoker.java:645)
	at org.testng.internal.Invoker.invokeTestMethod(Invoker.java:851)
	at org.testng.internal.Invoker.invokeTestMethods(Invoker.java:1177)
	at org.testng.internal.TestMethodWorker.invokeTestMethods(TestMethodWorker.java:129)
	at org.testng.internal.TestMethodWorker.run(TestMethodWorker.java:112)
	at java.util.concurrent.ThreadPoolExecutor.runWorker(ThreadPoolExecutor.java:1149)
	at java.util.concurrent.ThreadPoolExecutor$Worker.run(ThreadPoolExecutor.java:624)
	at java.lang.Thread.run(Thread.java:748)

      org.openqa.selenium.WebDriverException: chrome not reachable
        (Session info: chrome=77.0.3865.120)
      Build info: version: '3.141.59', revision: 'e82be7d358', time: '2018-11-14T08:17:03'
      System info: host: 'DESKTOP-KPODSOV', ip: '192.168.0.111', os.name: 'Windows 10', os.arch: 'amd64', os.version: '10.0', java.version: '1.8.0_221'
      Driver info: org.openqa.selenium.chrome.ChromeDriver
      Capabilities {acceptInsecureCerts: false, browserName: chrome, browserVersion: 77.0.3865.120, chrome: {chromedriverVersion: 77.0.3865.40 (f484704e052e0..., userDataDir: C:\Users\AMITBA~1.DES\AppDa...}, goog:chromeOptions: {debuggerAddress: localhost:59007}, javascriptEnabled: true, networkConnectionEnabled: false, pageLoadStrategy: normal, platform: XP, platformName: XP, proxy: Proxy(), setWindowRect: true, strictFileInteractability: false, timeouts: {implicit: 0, pageLoad: 300000, script: 30000}, unhandledPromptBehavior: dismiss and notify}
      Session ID: 14406a66f6f291e0fd7c78bcab3153db
      	at sun.reflect.NativeConstructorAccessorImpl.newInstance0(Native Method)
      	at sun.reflect.NativeConstructorAccessorImpl.newInstance(NativeConstructorAccessorImpl.java:62)
      	at sun.reflect.DelegatingConstructorAccessorImpl.newInstance(DelegatingConstructorAccessorImpl.java:45)
      	at java.lang.reflect.Constructor.newInstance(Constructor.java:423)
      	at org.openqa.selenium.remote.http.W3CHttpResponseCodec.createException(W3CHttpResponseCodec.java:187)
      	at org.openqa.selenium.remote.http.W3CHttpResponseCodec.decode(W3CHttpResponseCodec.java:122)
      	at org.openqa.selenium.remote.http.W3CHttpResponseCodec.decode(W3CHttpResponseCodec.java:49)
      	at org.openqa.selenium.remote.HttpCommandExecutor.execute(HttpCommandExecutor.java:158)
      	at org.openqa.selenium.remote.service.DriverCommandExecutor.execute(DriverCommandExecutor.java:83)
      	at org.openqa.selenium.remote.RemoteWebDriver.execute(RemoteWebDriver.java:552)
      	at org.openqa.selenium.remote.RemoteWebDriver.execute(RemoteWebDriver.java:609)
      	at org.openqa.selenium.remote.RemoteWebDriver.close(RemoteWebDriver.java:442)
      	at com.boss.framework.utils.DriverFactory.removeDriver(DriverFactory.java:46)
      	at com.boss.framework.BaseDrivers.afterClass(BaseDrivers.java:151)
      	at com.boss.stepdefinition.AfterActions.teardown(AfterActions.java:32)
      	at sun.reflect.NativeMethodAccessorImpl.invoke0(Native Method)
      	at sun.reflect.NativeMethodAccessorImpl.invoke(NativeMethodAccessorImpl.java:62)
      	at sun.reflect.DelegatingMethodAccessorImpl.invoke(DelegatingMethodAccessorImpl.java:43)
      	at java.lang.reflect.Method.invoke(Method.java:498)
      	at cucumber.runtime.Utils$1.call(Utils.java:40)
      	at cucumber.runtime.Timeout.timeout(Timeout.java:16)
      	at cucumber.runtime.Utils.invoke(Utils.java:34)
      	at cucumber.runtime.java.JavaHookDefinition.execute(JavaHookDefinition.java:60)
      	at cucumber.runtime.Runtime.runHookIfTagsMatch(Runtime.java:224)
      	at cucumber.runtime.Runtime.runHooks(Runtime.java:212)
      	at cucumber.runtime.Runtime.runAfterHooks(Runtime.java:206)
      	at cucumber.runtime.model.CucumberScenario.run(CucumberScenario.java:46)
      	at cucumber.runtime.model.CucumberFeature.run(CucumberFeature.java:165)
      	at cucumber.api.testng.TestNGCucumberRunner.runCucumber(TestNGCucumberRunner.java:63)
      	at cucumber.api.testng.AbstractTestNGCucumberTests.feature(AbstractTestNGCucumberTests.java:21)
      	at sun.reflect.NativeMethodAccessorImpl.invoke0(Native Method)
      	at sun.reflect.NativeMethodAccessorImpl.invoke(NativeMethodAccessorImpl.java:62)
      	at sun.reflect.DelegatingMethodAccessorImpl.invoke(DelegatingMethodAccessorImpl.java:43)
      	at java.lang.reflect.Method.invoke(Method.java:498)
      	at org.testng.internal.MethodInvocationHelper.invokeMethod(MethodInvocationHelper.java:104)
      	at org.testng.internal.Invoker.invokeMethod(Invoker.java:645)
      	at org.testng.internal.Invoker.invokeTestMethod(Invoker.java:851)
      	at org.testng.internal.Invoker.invokeTestMethods(Invoker.java:1177)
      	at org.testng.internal.TestMethodWorker.invokeTestMethods(TestMethodWorker.java:129)
      	at org.testng.internal.TestMethodWorker.run(TestMethodWorker.java:112)
      	at java.util.concurrent.ThreadPoolExecutor.runWorker(ThreadPoolExecutor.java:1149)
      	at java.util.concurrent.ThreadPoolExecutor$Worker.run(ThreadPoolExecutor.java:624)
      	at java.lang.Thread.run(Thread.java:748)

ENVIRONMENT is: test
BROWSER TYPE is: chrome
BROWSER_VERSION specified is: 
DEFAULT TIMEOUT(secs) is : 60
12 Thread.currentThread CONST
OS Found is: windows 10

  @ORPHAN
  Scenario: Different currency transfer for Next day delivery method # src/test/resources/account-transfer.feature:48
    And user click on account transfer sub-module
    And user click on confirm transfer button
    And user click on Get Rate button
    And user click on accept button
    And user page redirect to Transfer confirmation screen
    And user able to view the below details
    And user click on Manage payment button
I_launch_the_application
In GoToAppURL ................................................ 
user_enters_username_and_password
In Send Keys method ...........
In Send Keys method ...........
user_clicks_on_Login_Button

  Background:                                                      # src/test/resources/account-transfer.feature:5
    Given I launch the application "Boss URL"                      # Account_Transfer_stepDefination.I_launch_the_application(String)
    And user enters username "Testuser1" and password "Password@1" # Login_stepDefinition.user_enters_username_and_password(String,String)
    And user clicks on Login Button                                # Login_stepDefinition.user_clicks_on_Login_Button()
RemoveDriver has closed driver & removed from it from stored list: ChromeDriver: chrome on XP (04c41224d7b06de76ebbcdf1a5294d45)
ENVIRONMENT is: test
BROWSER TYPE is: chrome
BROWSER_VERSION specified is: 
DEFAULT TIMEOUT(secs) is : 60
12 Thread.currentThread CONST
OS Found is: windows 10

  @ORPHAN
  Scenario: Different currency transfer for Spot transfer delivery method. # src/test/resources/account-transfer.feature:76
    And user click on account transfer sub-module
    And user click on Get Rate button
    And user click on accept button
    And user click on confirm transfer button
    And user page redirect to Transfer confirmation screen
    And user able to view the below details
    And user click on Manage payment button
I_launch_the_application
In GoToAppURL ................................................ 
user_enters_username_and_password
In Send Keys method ...........
In Send Keys method ...........
user_clicks_on_Login_Button

  Background:                                                      # src/test/resources/account-transfer.feature:5
    Given I launch the application "Boss URL"                      # Account_Transfer_stepDefination.I_launch_the_application(String)
    And user enters username "Testuser1" and password "Password@1" # Login_stepDefinition.user_enters_username_and_password(String,String)
    And user clicks on Login Button                                # Login_stepDefinition.user_clicks_on_Login_Button()
RemoveDriver has closed driver & removed from it from stored list: ChromeDriver: chrome on XP (e9cc4f95ef11683eec189569f01d206e)
ENVIRONMENT is: test
BROWSER TYPE is: chrome
BROWSER_VERSION specified is: 
DEFAULT TIMEOUT(secs) is : 60
12 Thread.currentThread CONST
OS Found is: windows 10

  @ORPHAN
  Scenario: DDA to DDA account transfer                                   # src/test/resources/account-transfer.feature:104
    And user click on account transfer sub-module
    Then System will display "DDA to DDA Account transfer is not allowed"
I_launch_the_application
In GoToAppURL ................................................ 
user_enters_username_and_password
In Send Keys method ...........
In Send Keys method ...........
user_clicks_on_Login_Button

  Background:                                                      # src/test/resources/account-transfer.feature:5
    Given I launch the application "Boss URL"                      # Account_Transfer_stepDefination.I_launch_the_application(String)
    And user enters username "Testuser1" and password "Password@1" # Login_stepDefinition.user_enters_username_and_password(String,String)
    And user clicks on Login Button                                # Login_stepDefinition.user_clicks_on_Login_Button()
RemoveDriver has closed driver & removed from it from stored list: ChromeDriver: chrome on XP (a5fb03539f59a2d809fc811d137bc4c3)
ENVIRONMENT is: test
BROWSER TYPE is: chrome
BROWSER_VERSION specified is: 
DEFAULT TIMEOUT(secs) is : 60
12 Thread.currentThread CONST
OS Found is: windows 10

  @ORPHAN
  Scenario: MCA balance validation for same currency                                                                  # src/test/resources/account-transfer.feature:112
    Given EUR Client account available balance is EUR 1000
    Given CAD Client account available balance is CAD 1000
    And user clicks on account transfer sub-module
    And user clicks on transfer payment button
    Then system will display the error message as "Your account does not have sufficient funds for this transaction."
I_launch_the_application
In GoToAppURL ................................................ 
user_enters_username_and_password
In Send Keys method ...........
In Send Keys method ...........
user_clicks_on_Login_Button

  Background:                                                      # src/test/resources/account-transfer.feature:5
    Given I launch the application "Boss URL"                      # Account_Transfer_stepDefination.I_launch_the_application(String)
    And user enters username "Testuser1" and password "Password@1" # Login_stepDefinition.user_enters_username_and_password(String,String)
    And user clicks on Login Button                                # Login_stepDefinition.user_clicks_on_Login_Button()
RemoveDriver has closed driver & removed from it from stored list: ChromeDriver: chrome on XP (ceebfad2d8ad8766a5904b4ef002a461)
ENVIRONMENT is: test
BROWSER TYPE is: chrome
BROWSER_VERSION specified is: 
DEFAULT TIMEOUT(secs) is : 60
12 Thread.currentThread CONST
OS Found is: windows 10

  @ORPHAN
  Scenario: DDA balance validation for different currency                                                             # src/test/resources/account-transfer.feature:123
    Given DDA account available balance is USD 1000
    And user clicks on Account transfer sub-module
    And user click on Get Rate button
    Then system will display the error message as "Your account does not have sufficient funds for this transaction."
I_launch_the_application
In GoToAppURL ................................................ 
user_enters_username_and_password
In Send Keys method ...........
In Send Keys method ...........
user_clicks_on_Login_Button

  Background:                                                      # src/test/resources/account-transfer.feature:5
    Given I launch the application "Boss URL"                      # Account_Transfer_stepDefination.I_launch_the_application(String)
    And user enters username "Testuser1" and password "Password@1" # Login_stepDefinition.user_enters_username_and_password(String,String)
    And user clicks on Login Button                                # Login_stepDefinition.user_clicks_on_Login_Button()
RemoveDriver has closed driver & removed from it from stored list: ChromeDriver: chrome on XP (fe9b4147dfa4f8f4ca539a04bfa57a65)

  @ORPHAN
  Scenario: MCA balance validation for different currency                                                             # src/test/resources/account-transfer.feature:135
    Given EUR Client account available balance is USD 1000
    Given CAD Client account available balance is CAD 1000
    And user clicks on Account transfer sub-module
    And user click on Get Rate button
    Then system will display the error message as "Your account does not have sufficient funds for this transaction."
]]></system-out>
    <system-err><![CDATA[SLF4J: Failed to load class "org.slf4j.impl.StaticLoggerBinder".
SLF4J: Defaulting to no-operation (NOP) logger implementation
SLF4J: See http://www.slf4j.org/codes.html#StaticLoggerBinder for further details.
Starting ChromeDriver 77.0.3865.40 (f484704e052e0b556f8030b65b953dce96503217-refs/branch-heads/3865@{#442}) on port 36413
Only local connections are allowed.
Please protect ports used by ChromeDriver and related test frameworks to prevent access by malicious code.
[1571828393.175][WARNING]: Timed out connecting to Chrome, retrying...
Oct 23, 2019 4:29:55 PM org.openqa.selenium.remote.ProtocolHandshake createSession
INFO: Detected dialect: W3C
[1571828397.272][WARNING]: Timed out connecting to Chrome, retrying...
Starting ChromeDriver 77.0.3865.40 (f484704e052e0b556f8030b65b953dce96503217-refs/branch-heads/3865@{#442}) on port 37491
Only local connections are allowed.
Please protect ports used by ChromeDriver and related test frameworks to prevent access by malicious code.
[1571828422.543][WARNING]: Timed out connecting to Chrome, retrying...
[1571828426.544][WARNING]: Timed out connecting to Chrome, retrying...
Starting ChromeDriver 77.0.3865.40 (f484704e052e0b556f8030b65b953dce96503217-refs/branch-heads/3865@{#442}) on port 38386
Only local connections are allowed.
Please protect ports used by ChromeDriver and related test frameworks to prevent access by malicious code.
[1571828437.872][WARNING]: Timed out connecting to Chrome, retrying...
Oct 23, 2019 4:30:39 PM org.openqa.selenium.remote.ProtocolHandshake createSession
INFO: Detected dialect: W3C
[1571828441.901][WARNING]: Timed out connecting to Chrome, retrying...
[1571828445.901][WARNING]: Timed out connecting to Chrome, retrying...
[1571828451.914][WARNING]: Timed out connecting to Chrome, retrying...
[1571828455.919][WARNING]: Timed out connecting to Chrome, retrying...
[1571828465.968][WARNING]: Timed out connecting to Chrome, retrying...
[1571828469.968][WARNING]: Timed out connecting to Chrome, retrying...
[1571828480.009][WARNING]: Timed out connecting to Chrome, retrying...
[1571828484.011][WARNING]: Timed out connecting to Chrome, retrying...
chrome not reachable
  (Session info: chrome=77.0.3865.120)
Build info: version: '3.141.59', revision: 'e82be7d358', time: '2018-11-14T08:17:03'
System info: host: 'DESKTOP-KPODSOV', ip: '192.168.0.111', os.name: 'Windows 10', os.arch: 'amd64', os.version: '10.0', java.version: '1.8.0_221'
Driver info: org.openqa.selenium.chrome.ChromeDriver
Capabilities {acceptInsecureCerts: false, browserName: chrome, browserVersion: 77.0.3865.120, chrome: {chromedriverVersion: 77.0.3865.40 (f484704e052e0..., userDataDir: C:\Users\AMITBA~1.DES\AppDa...}, goog:chromeOptions: {debuggerAddress: localhost:59007}, javascriptEnabled: true, networkConnectionEnabled: false, pageLoadStrategy: normal, platform: XP, platformName: XP, proxy: Proxy(), setWindowRect: true, strictFileInteractability: false, timeouts: {implicit: 0, pageLoad: 300000, script: 30000}, unhandledPromptBehavior: dismiss and notify}
Session ID: 14406a66f6f291e0fd7c78bcab3153db
Starting ChromeDriver 77.0.3865.40 (f484704e052e0b556f8030b65b953dce96503217-refs/branch-heads/3865@{#442}) on port 39000
Only local connections are allowed.
Please protect ports used by ChromeDriver and related test frameworks to prevent access by malicious code.
[1571828495.547][WARNING]: Timed out connecting to Chrome, retrying...
Oct 23, 2019 4:31:37 PM org.openqa.selenium.remote.ProtocolHandshake createSession
INFO: Detected dialect: W3C
[1571828499.574][WARNING]: Timed out connecting to Chrome, retrying...
log4j:WARN No appenders could be found for logger (org.apache.http.impl.conn.PoolingHttpClientConnectionManager).
log4j:WARN Please initialize the log4j system properly.
log4j:WARN See http://logging.apache.org/log4j/1.2/faq.html#noconfig for more info.
Starting ChromeDriver 77.0.3865.40 (f484704e052e0b556f8030b65b953dce96503217-refs/branch-heads/3865@{#442}) on port 35292
Only local connections are allowed.
Please protect ports used by ChromeDriver and related test frameworks to prevent access by malicious code.
[1571828523.669][WARNING]: Timed out connecting to Chrome, retrying...
Oct 23, 2019 4:32:05 PM org.openqa.selenium.remote.ProtocolHandshake createSession
INFO: Detected dialect: W3C
[1571828527.690][WARNING]: Timed out connecting to Chrome, retrying...
Starting ChromeDriver 77.0.3865.40 (f484704e052e0b556f8030b65b953dce96503217-refs/branch-heads/3865@{#442}) on port 45101
Only local connections are allowed.
Please protect ports used by ChromeDriver and related test frameworks to prevent access by malicious code.
[1571828552.281][WARNING]: Timed out connecting to Chrome, retrying...
Oct 23, 2019 4:32:34 PM org.openqa.selenium.remote.ProtocolHandshake createSession
INFO: Detected dialect: W3C
[1571828556.334][WARNING]: Timed out connecting to Chrome, retrying...
Starting ChromeDriver 77.0.3865.40 (f484704e052e0b556f8030b65b953dce96503217-refs/branch-heads/3865@{#442}) on port 41431
Only local connections are allowed.
Please protect ports used by ChromeDriver and related test frameworks to prevent access by malicious code.
[1571828580.068][WARNING]: Timed out connecting to Chrome, retrying...
Oct 23, 2019 4:33:02 PM org.openqa.selenium.remote.ProtocolHandshake createSession
INFO: Detected dialect: W3C
[1571828584.118][WARNING]: Timed out connecting to Chrome, retrying...
Starting ChromeDriver 77.0.3865.40 (f484704e052e0b556f8030b65b953dce96503217-refs/branch-heads/3865@{#442}) on port 30387
Only local connections are allowed.
Please protect ports used by ChromeDriver and related test frameworks to prevent access by malicious code.
[1571828608.143][WARNING]: Timed out connecting to Chrome, retrying...
Oct 23, 2019 4:33:30 PM org.openqa.selenium.remote.ProtocolHandshake createSession
INFO: Detected dialect: W3C
[1571828612.195][WARNING]: Timed out connecting to Chrome, retrying...
]]></system-err>
  </testcase>
</testsuite>